Automated TeX Live installation using profile: small-fonts.profile
Loading http://mirrors.ibiblio.org/pub/mirrors/CTAN/systems/texlive/tlnet/tlpkg/texlive.tlpdb
Installing TeX Live 2012 from: http://mirrors.ibiblio.org/pub/mirrors/CTAN/systems/texlive/tlnet
Platform: x86_64-linux => 'x86_64 with GNU/Linux'
Distribution: net  (downloading)
Using URL: http://mirrors.ibiblio.org/pub/mirrors/CTAN/systems/texlive/tlnet
Directory for temporary files: /tmp
Installer revision: 28129
Database revision: 28613
Settings:
  TEXDIR: "/app/.texlive"
  TEXMFCONFIG: "/app/.texlive/var/texmf-config"
  TEXMFHOME: "/app/.texlive/var/texmf"
  TEXMFLOCAL: "/app/.texlive/texmf-local"
  TEXMFSYSCONFIG: "/app/.texlive/texmf-config"
  TEXMFSYSVAR: "/app/.texlive/texmf-var"
  TEXMFVAR: "/app/.texlive/var/texmf-var"
  binary_alpha-linux: "0"
  binary_amd64-freebsd: "0"
  binary_amd64-kfreebsd: "0"
  binary_armel-linux: "0"
  binary_i386-cygwin: "0"
  binary_i386-freebsd: "0"
  binary_i386-kfreebsd: "0"
  binary_i386-linux: "0"
  binary_i386-solaris: "0"
  binary_mipsel-linux: "0"
  binary_powerpc-aix: "0"
  binary_powerpc-linux: "0"
  binary_sparc-solaris: "0"
  binary_universal-darwin: "0"
  binary_win32: "0"
  binary_x86_64-darwin: "0"
  binary_x86_64-linux: "1"
  binary_x86_64-solaris: "0"
  collection-basic: "0"
  collection-bibtexextra: "0"
  collection-binextra: "0"
  collection-context: "0"
  collection-documentation-arabic: "0"
  collection-documentation-base: "0"
  collection-documentation-bulgarian: "0"
  collection-documentation-chinese: "0"
  collection-documentation-czechslovak: "0"
  collection-documentation-dutch: "0"
  collection-documentation-english: "0"
  collection-documentation-finnish: "0"
  collection-documentation-french: "0"
  collection-documentation-german: "0"
  collection-documentation-italian: "0"
  collection-documentation-japanese: "0"
  collection-documentation-korean: "0"
  collection-documentation-mongolian: "0"
  collection-documentation-polish: "0"
  collection-documentation-portuguese: "0"
  collection-documentation-russian: "0"
  collection-documentation-serbian: "0"
  collection-documentation-slovenian: "0"
  collection-documentation-spanish: "0"
  collection-documentation-thai: "0"
  collection-documentation-turkish: "0"
  collection-documentation-ukrainian: "0"
  collection-documentation-vietnamese: "0"
  collection-fontsextra: "0"
  collection-fontsrecommended: "0"
  collection-fontutils: "1"
  collection-formatsextra: "0"
  collection-games: "0"
  collection-genericextra: "0"
  collection-genericrecommended: "0"
  collection-htmlxml: "0"
  collection-humanities: "0"
  collection-langafrican: "0"
  collection-langarabic: "0"
  collection-langarmenian: "0"
  collection-langcjk: "0"
  collection-langcroatian: "0"
  collection-langcyrillic: "0"
  collection-langczechslovak: "0"
  collection-langdanish: "0"
  collection-langdutch: "0"
  collection-langenglish: "0"
  collection-langfinnish: "0"
  collection-langfrench: "0"
  collection-langgerman: "0"
  collection-langgreek: "0"
  collection-langhebrew: "0"
  collection-langhungarian: "0"
  collection-langindic: "0"
  collection-langitalian: "0"
  collection-langlatin: "0"
  collection-langlatvian: "0"
  collection-langlithuanian: "0"
  collection-langmongolian: "0"
  collection-langnorwegian: "0"
  collection-langother: "0"
  collection-langpolish: "0"
  collection-langportuguese: "0"
  collection-langspanish: "0"
  collection-langswedish: "0"
  collection-langtibetan: "0"
  collection-langturkmen: "0"
  collection-langvietnamese: "0"
  collection-latex: "1"
  collection-latexextra: "0"
  collection-latexrecommended: "0"
  collection-luatex: "0"
  collection-mathextra: "0"
  collection-metapost: "0"
  collection-music: "0"
  collection-omega: "0"
  collection-pictures: "0"
  collection-plainextra: "0"
  collection-pstricks: "0"
  collection-publishers: "0"
  collection-science: "0"
  collection-texinfo: "0"
  collection-texworks: "0"
  collection-wintools: "0"
  collection-xetex: "0"
  doc_splitting_supported: "1"
  in_place: "0"
  inst_platform: "x86_64-linux"
  n_collections_available: "85"
  n_collections_selected: "84"
  n_systems_available: "18"
  n_systems_selected: "1"
  option_adjustrepo: "1"
  option_autobackup: "1"
  option_backupdir: "tlpkg/backups"
  option_desktop_integration: "1"
  option_doc: "1"
  option_file_assocs: "1"
  option_fmt: "1"
  option_letter: "0"
  option_menu_integration: "1"
  option_path: "0"
  option_post_code: "1"
  option_src: "1"
  option_sys_bin: "/usr/local/bin"
  option_sys_info: "/usr/local/share/info"
  option_sys_man: "/usr/local/share/man"
  option_w32_multi_user: "0"
  option_write18_restricted: "1"
  portable: "0"
  selected_scheme: "scheme-small"
  src_splitting_supported: "1"
  this_platform: "x86_64-linux"
  total_size: "0"
Installing to: /app/.texlive
Installing [001/137, time/total: ??:??/??:??]: accfonts [37k]
Installing [002/137, time/total: 00:00/00:00]: accfonts.x86_64-linux [1k]
Installing [003/137, time/total: 00:00/00:00]: ae [84k]
Installing [004/137, time/total: 00:01/10:45]: afm2pl [30k]
Installing [005/137, time/total: 00:01/08:37]: afm2pl.x86_64-linux [38k]
Installing [006/137, time/total: 00:02/13:48]: amscls [1165k]
Installing [007/137, time/total: 00:21/20:06]: amsfonts [4793k]
Installing [008/137, time/total: 01:36/20:13]: amsmath [1892k]
Installing [009/137, time/total: 02:06/20:18]: babel [2955k]
Installing [010/137, time/total: 02:54/20:29]: babelbib [1239k]
Installing [011/137, time/total: 03:13/20:26]: bibtex [389k]
Installing [012/137, time/total: 03:19/20:25]: bibtex.x86_64-linux [66k]
Installing [013/137, time/total: 03:21/20:31]: carlisle [34k]
Installing [014/137, time/total: 03:21/20:28]: cm [238k]
Installing [015/137, time/total: 03:25/20:29]: collection-basic [1k]
Installing [016/137, time/total: 03:25/20:29]: collection-documentation-base [1k]
Installing [017/137, time/total: 03:25/20:29]: collection-fontutils [1k]
Installing [018/137, time/total: 03:25/20:29]: collection-latex [1k]
Installing [019/137, time/total: 03:25/20:29]: colortbl [556k]
Installing [020/137, time/total: 03:35/20:36]: dosepsbin [79k]
Installing [021/137, time/total: 03:35/20:29]: dosepsbin.x86_64-linux [1k]
Installing [022/137, time/total: 03:35/20:29]: dvipdfm [153k]
Installing [023/137, time/total: 03:39/20:38]: dvipdfm.x86_64-linux [2k]
Installing [024/137, time/total: 03:39/20:37]: dvipdfmx [198k]
Installing [025/137, time/total: 03:42/20:37]: dvipdfmx-def [3k]
Installing [026/137, time/total: 03:42/20:36]: dvipdfmx.x86_64-linux [319k]
Installing [027/137, time/total: 03:47/20:36]: dvips [580k]
Installing [028/137, time/total: 03:57/20:40]: dvips.x86_64-linux [129k]
Installing [029/137, time/total: 04:01/20:50]: dvipsconfig [12k]
Installing [030/137, time/total: 04:01/20:49]: enctex [247k]
Installing [031/137, time/total: 04:05/20:50]: epstopdf [19k]
Installing [032/137, time/total: 04:05/20:48]: epstopdf.x86_64-linux [1k]
Installing [033/137, time/total: 04:05/20:48]: etex [196k]
Installing [034/137, time/total: 04:08/20:47]: etex-pkg [6k]
Installing [035/137, time/total: 04:08/20:47]: fancyhdr [250k]
Installing [036/137, time/total: 04:12/20:47]: fix2col [78k]
Installing [037/137, time/total: 04:14/20:51]: fontinst [1467k]
Installing [038/137, time/total: 04:39/20:57]: fontinst.x86_64-linux [1k]
Installing [039/137, time/total: 04:39/20:57]: fontools [77k]
Installing [040/137, time/total: 04:40/20:56]: fontools.x86_64-linux [1k]
Installing [041/137, time/total: 04:40/20:56]: fontware [14k]
Installing [042/137, time/total: 04:41/20:59]: fontware.x86_64-linux [93k]
Installing [043/137, time/total: 04:43/21:01]: geometry [228k]
Installing [044/137, time/total: 04:46/20:58]: glyphlist [25k]
Installing [045/137, time/total: 04:46/20:57]: graphics [725k]
Installing [046/137, time/total: 04:59/21:02]: gsftopk [16k]
Installing [047/137, time/total: 04:59/21:01]: gsftopk.x86_64-linux [37k]
Installing [048/137, time/total: 05:00/21:03]: hyperref [3729k]
Installing [049/137, time/total: 06:00/21:00]: hyph-utf8 [1947k]
Installing [050/137, time/total: 06:30/20:55]: hyphen-base [22k]
Installing [051/137, time/total: 06:30/20:54]: hyphen-basque [1k]
Installing [052/137, time/total: 06:30/20:54]: hyphen-danish [1k]
Installing [053/137, time/total: 06:30/20:54]: hyphen-dutch [1k]
Installing [054/137, time/total: 06:30/20:54]: hyphen-english [1k]
Installing [055/137, time/total: 06:31/20:57]: hyphen-finnish [1k]
Installing [056/137, time/total: 06:31/20:57]: hyphen-french [1k]
Installing [057/137, time/total: 06:31/20:57]: hyphen-german [46k]
Installing [058/137, time/total: 06:31/20:55]: hyphen-hungarian [98k]
Installing [059/137, time/total: 06:33/20:56]: hyphen-italian [1k]
Installing [060/137, time/total: 06:33/20:56]: hyphen-norwegian [1k]
Installing [061/137, time/total: 06:33/20:56]: hyphen-polish [1k]
Installing [062/137, time/total: 06:33/20:56]: hyphen-portuguese [1k]
Installing [063/137, time/total: 06:33/20:56]: hyphen-spanish [1k]
Installing [064/137, time/total: 06:33/20:56]: hyphen-swedish [1k]
Installing [065/137, time/total: 06:34/20:59]: ifluatex [132k]
Installing [066/137, time/total: 06:36/20:59]: ifxetex [166k]
Installing [067/137, time/total: 06:40/21:03]: kpathsea [1090k]
Installing [068/137, time/total: 06:57/21:01]: kpathsea.x86_64-linux [43k]
Installing [069/137, time/total: 06:57/20:59]: latex [8576k]
Installing [070/137, time/total: 09:16/20:59]: latex-bin [20k]
Installing [071/137, time/total: 09:17/21:00]: latex-bin.x86_64-linux [1k]
Installing [072/137, time/total: 09:17/21:00]: latex-fonts [19k]
Installing [073/137, time/total: 09:17/21:00]: latexconfig [7k]
Installing [074/137, time/total: 09:17/20:59]: lcdftypetools [105k]
Installing [075/137, time/total: 09:19/21:00]: lcdftypetools.x86_64-linux [664k]
Installing [076/137, time/total: 09:30/21:01]: ltxmisc [16k]
Installing [077/137, time/total: 09:30/21:00]: lua-alt-getopt [6k]
Installing [078/137, time/total: 09:30/21:00]: lualibs [154k]
Installing [079/137, time/total: 09:33/21:01]: luaotfload [191k]
Installing [080/137, time/total: 09:37/21:03]: luaotfload.x86_64-linux [1k]
Installing [081/137, time/total: 09:37/21:03]: luatex [971k]
Installing [082/137, time/total: 09:52/21:01]: luatex.x86_64-linux [1698k]
Installing [083/137, time/total: 10:19/21:00]: luatexbase [2346k]
Installing [084/137, time/total: 10:55/20:56]: makeindex [294k]
Installing [085/137, time/total: 11:00/20:57]: makeindex.x86_64-linux [43k]
Installing [086/137, time/total: 11:00/20:55]: metafont [71k]
Installing [087/137, time/total: 11:00/20:53]: metafont.x86_64-linux [168k]
Installing [088/137, time/total: 11:03/20:54]: mf2pt1 [224k]
Installing [089/137, time/total: 11:07/20:54]: mf2pt1.x86_64-linux [1k]
Installing [090/137, time/total: 11:07/20:54]: mflogo [260k]
Installing [091/137, time/total: 11:11/20:54]: mfnfss [187k]
Installing [092/137, time/total: 11:14/20:54]: mfware [28k]
Installing [093/137, time/total: 11:14/20:53]: mfware.x86_64-linux [112k]
Installing [094/137, time/total: 11:16/20:54]: misc [42k]
Installing [095/137, time/total: 11:16/20:52]: mptopdf [42k]
Installing [096/137, time/total: 11:16/20:51]: mptopdf.x86_64-linux [1k]
Installing [097/137, time/total: 11:17/20:53]: natbib [493k]
Installing [098/137, time/total: 11:24/20:51]: oberdiek [15838k]
Installing [099/137, time/total: 15:34/20:44]: pdftex [2804k]
Installing [100/137, time/total: 16:19/20:44]: pdftex-def [14k]
Installing [101/137, time/total: 16:19/20:44]: pdftex.x86_64-linux [598k]
Installing [102/137, time/total: 16:29/20:45]: plain [42k]
Installing [103/137, time/total: 16:29/20:44]: ps2pkm [16k]
Installing [104/137, time/total: 16:29/20:44]: ps2pkm.x86_64-linux [84k]
Installing [105/137, time/total: 16:31/20:44]: pslatex [7k]
Installing [106/137, time/total: 16:31/20:44]: psnfss [502k]
Installing [107/137, time/total: 16:38/20:43]: pspicture [50k]
Installing [108/137, time/total: 16:38/20:42]: pstools [45k]
Installing [109/137, time/total: 16:39/20:42]: pstools.x86_64-linux [4k]
Installing [110/137, time/total: 16:39/20:42]: psutils [46k]
Installing [111/137, time/total: 16:39/20:41]: psutils.x86_64-linux [23k]
Installing [112/137, time/total: 16:39/20:41]: revtex [3445k]
Installing [113/137, time/total: 17:35/20:42]: synctex [11k]
Installing [114/137, time/total: 17:35/20:42]: synctex.x86_64-linux [56k]
Installing [115/137, time/total: 17:36/20:42]: t1utils [18k]
Installing [116/137, time/total: 17:36/20:42]: t1utils.x86_64-linux [37k]
Installing [117/137, time/total: 17:36/20:41]: tetex [379k]
Installing [118/137, time/total: 17:43/20:42]: tetex.x86_64-linux [1k]
Installing [119/137, time/total: 17:43/20:42]: tex [23k]
Installing [120/137, time/total: 17:43/20:42]: tex.x86_64-linux [158k]
Installing [121/137, time/total: 17:46/20:42]: texconfig [22k]
Installing [122/137, time/total: 17:46/20:42]: texconfig.x86_64-linux [1k]
Installing [123/137, time/total: 17:46/20:42]: texlive-common [243k]
Installing [124/137, time/total: 17:50/20:42]: texlive-docindex [194k]
Installing [125/137, time/total: 17:54/20:43]: texlive-en [1011k]
Installing [126/137, time/total: 18:10/20:43]: texlive-msg-translations [96k]
Installing [127/137, time/total: 18:13/20:45]: texlive-scripts [69k]
Installing [128/137, time/total: 18:14/20:44]: texlive-scripts.x86_64-linux [1k]
Installing [129/137, time/total: 18:14/20:44]: texlive.infra [284k]
Installing [130/137, time/total: 18:20/20:46]: texlive.infra.x86_64-linux [81k]
Installing [131/137, time/total: 18:22/20:47]: times [316k]
Installing [132/137, time/total: 18:27/20:47]: tipa [5097k]
Installing [133/137, time/total: 19:47/20:45]: tools [2804k]
Installing [134/137, time/total: 20:32/20:45]: ttfutils [172k]
Installing [135/137, time/total: 20:36/20:46]: ttfutils.x86_64-linux [174k]
Installing [136/137, time/total: 20:39/20:46]: xdvi [156k]
Installing [137/137, time/total: 20:42/20:47]: xdvi.x86_64-linux [338k]
Time used for installing the packages: 20:48
running mktexlsr /app/.texlive/texmf-dist /app/.texlive/texmf...
writing fmtutil.cnf to /app/.texlive/texmf-var/web2c/fmtutil.cnf
writing updmap.cfg to /app/.texlive/texmf-dist/web2c/updmap.cfg
writing language.dat to /app/.texlive/texmf-var/tex/generic/config/language.dat
writing language.def to /app/.texlive/texmf-var/tex/generic/config/language.def
writing language.dat.lua to /app/.texlive/texmf-var/tex/generic/config/language.dat.lua
running mktexlsr /app/.texlive/texmf-var /app/.texlive/texmf-config /app/.texlive/texmf-dist ...
running updmap-sys...updmap is using the following updmap.cfg files (in precedence order):
  /app/.texlive/texmf/web2c/updmap.cfg
  /app/.texlive/texmf-dist/web2c/updmap.cfg
updmap is using the following updmap.cfg file for writing changes:
  /app/.texlive/texmf-config/web2c/updmap.cfg
dvips output dir: "/app/.texlive/texmf-var/fonts/map/dvips/updmap"
pdftex output dir: "/app/.texlive/texmf-var/fonts/map/pdftex/updmap"
dvipdfmx output dir: "/app/.texlive/texmf-var/fonts/map/dvipdfmx/updmap"
pxdvi output dir: "/app/.texlive/texmf-var/fonts/map/pxdvi/updmap"

updmap is creating new map files
using the following configuration:
  LW35 font names                  : URWkb (/app/.texlive/texmf/web2c/updmap.cfg)
  prefer outlines                  : true (/app/.texlive/texmf/web2c/updmap.cfg)
  texhash enabled                  : false
  download standard fonts (dvips)  : true (/app/.texlive/texmf/web2c/updmap.cfg)
  download standard fonts (pdftex) : true (/app/.texlive/texmf/web2c/updmap.cfg)
  kanjiEmbed replacement string    : noEmbed (/app/.texlive/texmf/web2c/updmap.cfg)
  kanjiVariant replacement string  :  (default)
  create a mapfile for pxdvi       : false (default)

Scanning for LW35 support files  [  3 files]
Scanning for MixedMap entries    [  8 files]
Scanning for KanjiMap entries    [  0 files]
Scanning for Map entries         [  6 files]

Generating output for dvipdfmx...
Generating output for ps2pk...
Generating output for dvips...
Generating output for pdftex...

Files generated:
  /app/.texlive/texmf-var/fonts/map/dvips/updmap:
       13572 2012-12-23 01:44:07 builtin35.map
       18494 2012-12-23 01:44:07 download35.map
       21121 2012-12-23 01:44:07 psfonts_pk.map
       27575 2012-12-23 01:44:07 psfonts_t1.map
       27570 2012-12-23 01:44:07 ps2pk.map
          14 2012-12-23 01:44:07 psfonts.map -> psfonts_t1.map
  /app/.texlive/texmf-var/fonts/map/pdftex/updmap:
       27577 2012-12-23 01:44:07 pdftex_dl14.map
       25801 2012-12-23 01:44:07 pdftex_ndl14.map
          15 2012-12-23 01:44:07 pdftex.map -> pdftex_dl14.map
  /app/.texlive/texmf-var/fonts/map/dvipdfmx/updmap:
         299 2012-12-23 01:44:07 kanjix.map

Transcript written on "/app/.texlive/texmf-var/web2c/updmap.log".
done
re-running mktexlsr /app/.texlive/texmf-var /app/.texlive/texmf-config...
pre-generating all format files (fmtutil-sys --all), be patient...fmtutil: running `pdftex -ini   -jobname=latex -progname=latex -translate-file=cp227.tcx *latex.ini' ...
This is pdfTeX, Version 3.1415926-2.4-1.40.13 (TeX Live 2012) (INITEX)
 restricted \write18 enabled.
 (/app/.texlive/texmf/web2c/cp227.tcx)
entering extended mode
(/app/.texlive/texmf-dist/tex/latex/latexconfig/latex.ini
(/app/.texlive/texmf/tex/generic/config/pdftexconfig.tex)
(/app/.texlive/texmf-dist/tex/latex/base/latex.ltx
(/app/.texlive/texmf-dist/tex/latex/base/texsys.cfg)
./texsys.aux found


\@currdir set to: ./.


Assuming \openin and \input 
have the same search path.


Defining UNIX/DOS style filename parser.

catcodes, registers, compatibility for TeX 2,  parameters,
LaTeX2e <2011/06/27>
hacks, control, par, spacing, files, font encodings, lengths,
====================================

Local config file fonttext.cfg used

====================================
(/app/.texlive/texmf-dist/tex/latex/base/fonttext.cfg
(/app/.texlive/texmf-dist/tex/latex/base/fonttext.ltx
=== Don't modify this file, use a .cfg file instead ===

(/app/.texlive/texmf-dist/tex/latex/base/omlenc.def)
(/app/.texlive/texmf-dist/tex/latex/base/t1enc.def)
(/app/.texlive/texmf-dist/tex/latex/base/ot1enc.def)
(/app/.texlive/texmf-dist/tex/latex/base/omsenc.def)
(/app/.texlive/texmf-dist/tex/latex/base/t1cmr.fd)
(/app/.texlive/texmf-dist/tex/latex/base/ot1cmr.fd)
(/app/.texlive/texmf-dist/tex/latex/base/ot1cmss.fd)
(/app/.texlive/texmf-dist/tex/latex/base/ot1cmtt.fd)))
====================================

Local config file fontmath.cfg used

====================================
(/app/.texlive/texmf-dist/tex/latex/base/fontmath.cfg
(/app/.texlive/texmf-dist/tex/latex/base/fontmath.ltx
=== Don't modify this file, use a .cfg file instead ===

(/app/.texlive/texmf-dist/tex/latex/base/omlcmm.fd)
(/app/.texlive/texmf-dist/tex/latex/base/omscmsy.fd)
(/app/.texlive/texmf-dist/tex/latex/base/omxcmex.fd)
(/app/.texlive/texmf-dist/tex/latex/base/ucmr.fd)))
====================================

Local config file preload.cfg used

=====================================
(/app/.texlive/texmf-dist/tex/latex/base/preload.cfg
(/app/.texlive/texmf-dist/tex/latex/base/preload.ltx)) page nos., x-ref,
environments, center, verbatim, math definitions, boxes, title, sectioning,
contents, floats, footnotes, index, bibliography, output,
===========================================
Local configuration file hyphen.cfg used
===========================================
(/app/.texlive/texmf-dist/tex/generic/babel/hyphen.cfg
(/app/.texlive/texmf/tex/generic/hyphen/hyphen.tex)
(/app/.texlive/texmf/tex/generic/hyphen/dumyhyph.tex)
(/app/.texlive/texmf/tex/generic/hyphen/zerohyph.tex)
(/app/.texlive/texmf-dist/tex/generic/hyph-utf8/loadhyph/loadhyph-eu.tex
EC Basque hyphenation patterns
(/app/.texlive/texmf-dist/tex/generic/hyph-utf8/conversions/conv-utf8-ec.tex)
(/app/.texlive/texmf-dist/tex/generic/hyph-utf8/patterns/tex/hyph-eu.tex))
(/app/.texlive/texmf-dist/tex/generic/hyph-utf8/loadhyph/loadhyph-da.tex
EC Danish hyphenation patterns
(/app/.texlive/texmf-dist/tex/generic/hyph-utf8/conversions/conv-utf8-ec.tex)
(/app/.texlive/texmf-dist/tex/generic/hyph-utf8/patterns/tex/hyph-da.tex))
(/app/.texlive/texmf-dist/tex/generic/hyph-utf8/loadhyph/loadhyph-nl.tex
EC Dutch hyphenation patterns
(/app/.texlive/texmf-dist/tex/generic/hyph-utf8/conversions/conv-utf8-ec.tex)
(/app/.texlive/texmf-dist/tex/generic/hyph-utf8/patterns/tex/hyph-nl.tex))
(/app/.texlive/texmf-dist/tex/generic/hyph-utf8/loadhyph/loadhyph-en-gb.tex
ASCII Hyphenation patterns for British English
(/app/.texlive/texmf-dist/tex/generic/hyph-utf8/patterns/tex/hyph-en-gb.tex))
(/app/.texlive/texmf-dist/tex/generic/hyph-utf8/loadhyph/loadhyph-en-us.tex
ASCII Hyphenation patterns for American English
(/app/.texlive/texmf-dist/tex/generic/hyph-utf8/patterns/tex/hyph-en-us.tex))
(/app/.texlive/texmf-dist/tex/generic/hyph-utf8/loadhyph/loadhyph-fi.tex
EC Finnish hyphenation patterns
(/app/.texlive/texmf-dist/tex/generic/hyph-utf8/conversions/conv-utf8-ec.tex)
(/app/.texlive/texmf-dist/tex/generic/hyph-utf8/patterns/tex/hyph-fi.tex))
(/app/.texlive/texmf-dist/tex/generic/hyph-utf8/loadhyph/loadhyph-fr.tex
EC French hyphenation patterns (V2.12, 2002/12/11)
(/app/.texlive/texmf-dist/tex/generic/hyph-utf8/conversions/conv-utf8-ec.tex)
(/app/.texlive/texmf-dist/tex/generic/hyph-utf8/patterns/tex/hyph-fr.tex))
(/app/.texlive/texmf-dist/tex/generic/hyph-utf8/loadhyph/loadhyph-de-1901.tex
EC German hyphenation patterns (traditional orthography)
(/app/.texlive/texmf/tex/generic/hyphen/dehypht.tex
German Traditional Hyphenation Patterns `dehypht' Version 3.2a <1999/03/03>
(Formerly known under the name `ghyph31' and `ghyphen'.)))
(/app/.texlive/texmf-dist/tex/generic/hyph-utf8/loadhyph/loadhyph-de-1996.tex
EC German hyphenation patterns (reformed orthography)
(/app/.texlive/texmf/tex/generic/hyphen/dehyphn.tex
New German Hyphenation Patterns `dehyphn' Rev.31 <2001-05-07> (WaS)))
(/app/.texlive/texmf-dist/tex/generic/hyph-utf8/loadhyph/loadhyph-de-ch-1901.te
x EC Swiss-German hyphenation patterns (traditional orthography)
(/app/.texlive/texmf-dist/tex/generic/hyph-utf8/conversions/conv-utf8-ec.tex)
(/app/.texlive/texmf-dist/tex/generic/hyph-utf8/patterns/tex/hyph-de-ch-1901.te
x
Swiss-German Hyphenation Patterns (Traditional Orthography) `dehyphts-x' 2012-0
5-30 (WL)))
(/app/.texlive/texmf-dist/tex/generic/hyph-utf8/loadhyph/loadhyph-hu.tex
EC Hungarian hyphenation patterns (v20110815)
(/app/.texlive/texmf-dist/tex/generic/hyph-utf8/conversions/conv-utf8-ec.tex)
(/app/.texlive/texmf-dist/tex/generic/hyph-utf8/patterns/tex/hyph-hu.tex
Huhyphn - hungarian hyphenation patterns v20110815))
(/app/.texlive/texmf-dist/tex/generic/hyph-utf8/loadhyph/loadhyph-it.tex
ASCII Italian hyphenation patterns
(/app/.texlive/texmf-dist/tex/generic/hyph-utf8/patterns/tex/hyph-it.tex))
(/app/.texlive/texmf-dist/tex/generic/hyph-utf8/loadhyph/loadhyph-nb.tex
EC Norwegian Bokmal hyphenation patterns
(/app/.texlive/texmf-dist/tex/generic/hyph-utf8/conversions/conv-utf8-ec.tex)
(/app/.texlive/texmf-dist/tex/generic/hyph-utf8/patterns/tex/hyph-nb.tex
(/app/.texlive/texmf-dist/tex/generic/hyph-utf8/patterns/tex/hyph-no.tex)))
(/app/.texlive/texmf-dist/tex/generic/hyph-utf8/loadhyph/loadhyph-nn.tex
EC Norwegian Nynorsk hyphenation patterns
(/app/.texlive/texmf-dist/tex/generic/hyph-utf8/conversions/conv-utf8-ec.tex)
(/app/.texlive/texmf-dist/tex/generic/hyph-utf8/patterns/tex/hyph-nn.tex
(/app/.texlive/texmf-dist/tex/generic/hyph-utf8/patterns/tex/hyph-no.tex)))
(/app/.texlive/texmf-dist/tex/generic/hyph-utf8/loadhyph/loadhyph-pl.tex
QX Polish hyphenation patterns
(/app/.texlive/texmf-dist/tex/generic/hyph-utf8/conversions/conv-utf8-qx.tex)
(/app/.texlive/texmf-dist/tex/generic/hyph-utf8/patterns/tex/hyph-pl.tex))
(/app/.texlive/texmf-dist/tex/generic/hyph-utf8/loadhyph/loadhyph-pt.tex
EC Portuguese hyphenation patterns
(/app/.texlive/texmf-dist/tex/generic/hyph-utf8/conversions/conv-utf8-ec.tex)
(/app/.texlive/texmf-dist/tex/generic/hyph-utf8/patterns/tex/hyph-pt.tex))
(/app/.texlive/texmf-dist/tex/generic/hyph-utf8/loadhyph/loadhyph-es.tex
EC Spanish hyphenation patterns
(/app/.texlive/texmf-dist/tex/generic/hyph-utf8/conversions/conv-utf8-ec.tex)
(/app/.texlive/texmf-dist/tex/generic/hyph-utf8/patterns/tex/hyph-es.tex))
(/app/.texlive/texmf-dist/tex/generic/hyph-utf8/loadhyph/loadhyph-sv.tex
EC Swedish hyphenation patterns (Jan Michael Rynning, 1994-03-03)
(/app/.texlive/texmf-dist/tex/generic/hyph-utf8/conversions/conv-utf8-ec.tex)
(/app/.texlive/texmf-dist/tex/generic/hyph-utf8/patterns/tex/hyph-sv.tex)))
=================================
Applying patch file ltpatch.ltx
=================================
(/app/.texlive/texmf-dist/tex/latex/base/ltpatch.ltx)
 ) )
Beginning to dump on file latex.fmt
 (format=latex 2012.12.23)
5421 strings of total length 78923
44952 memory locations dumped; current usage is 144&42863
3329 multiletter control sequences
\font\nullfont=nullfont
\font\OMX/cmex/m/n/10=cmex10
\font\tenln=line10
\font\tenlnw=linew10
\font\tencirc=lcircle10
\font\tencircw=lcirclew10
\font\OT1/cmr/m/n/5=cmr5
\font\OT1/cmr/m/n/7=cmr7
\font\OT1/cmr/m/n/10=cmr10
\font\OML/cmm/m/it/5=cmmi5
\font\OML/cmm/m/it/7=cmmi7
\font\OML/cmm/m/it/10=cmmi10
\font\OMS/cmsy/m/n/5=cmsy5
\font\OMS/cmsy/m/n/7=cmsy7
\font\OMS/cmsy/m/n/10=cmsy10
3633 words of font info for 14 preloaded fonts
314 hyphenation exceptions
Hyphenation trie of length 192276 has 4463 ops out of 35111
  127 for language 20
  165 for language 19
  7 for language 18
  194 for language 17
  852 for language 16
  852 for language 15
  37 for language 14
  185 for language 13
  369 for language 12
  235 for language 11
  207 for language 10
  88 for language 9
  31 for language 8
  377 for language 7
  224 for language 6
  265 for language 5
  60 for language 4
  5 for language 3
  2 for language 1
  181 for language 0
0 words of pdfTeX memory
0 indirect objects
No pages of output.
Transcript written on latex.log.
fmtutil: /app/.texlive/texmf-var/web2c/pdftex/latex.fmt installed.
fmtutil: running `pdftex -ini   -jobname=pdflatex -progname=pdflatex -translate-file=cp227.tcx *pdflatex.ini' ...
This is pdfTeX, Version 3.1415926-2.4-1.40.13 (TeX Live 2012) (INITEX)
 restricted \write18 enabled.
 (/app/.texlive/texmf/web2c/cp227.tcx)
entering extended mode
(/app/.texlive/texmf-dist/tex/latex/latexconfig/pdflatex.ini
(/app/.texlive/texmf/tex/generic/config/pdftexconfig.tex)
(/app/.texlive/texmf-dist/tex/latex/base/latex.ltx
(/app/.texlive/texmf-dist/tex/latex/base/texsys.cfg)
./texsys.aux found


\@currdir set to: ./.


Assuming \openin and \input 
have the same search path.


Defining UNIX/DOS style filename parser.

catcodes, registers, compatibility for TeX 2,  parameters,
LaTeX2e <2011/06/27>
hacks, control, par, spacing, files, font encodings, lengths,
====================================

Local config file fonttext.cfg used

====================================
(/app/.texlive/texmf-dist/tex/latex/base/fonttext.cfg
(/app/.texlive/texmf-dist/tex/latex/base/fonttext.ltx
=== Don't modify this file, use a .cfg file instead ===

(/app/.texlive/texmf-dist/tex/latex/base/omlenc.def)
(/app/.texlive/texmf-dist/tex/latex/base/t1enc.def)
(/app/.texlive/texmf-dist/tex/latex/base/ot1enc.def)
(/app/.texlive/texmf-dist/tex/latex/base/omsenc.def)
(/app/.texlive/texmf-dist/tex/latex/base/t1cmr.fd)
(/app/.texlive/texmf-dist/tex/latex/base/ot1cmr.fd)
(/app/.texlive/texmf-dist/tex/latex/base/ot1cmss.fd)
(/app/.texlive/texmf-dist/tex/latex/base/ot1cmtt.fd)))
====================================

Local config file fontmath.cfg used

====================================
(/app/.texlive/texmf-dist/tex/latex/base/fontmath.cfg
(/app/.texlive/texmf-dist/tex/latex/base/fontmath.ltx
=== Don't modify this file, use a .cfg file instead ===

(/app/.texlive/texmf-dist/tex/latex/base/omlcmm.fd)
(/app/.texlive/texmf-dist/tex/latex/base/omscmsy.fd)
(/app/.texlive/texmf-dist/tex/latex/base/omxcmex.fd)
(/app/.texlive/texmf-dist/tex/latex/base/ucmr.fd)))
====================================

Local config file preload.cfg used

=====================================
(/app/.texlive/texmf-dist/tex/latex/base/preload.cfg
(/app/.texlive/texmf-dist/tex/latex/base/preload.ltx)) page nos., x-ref,
environments, center, verbatim, math definitions, boxes, title, sectioning,
contents, floats, footnotes, index, bibliography, output,
===========================================
Local configuration file hyphen.cfg used
===========================================
(/app/.texlive/texmf-dist/tex/generic/babel/hyphen.cfg
(/app/.texlive/texmf/tex/generic/hyphen/hyphen.tex)
(/app/.texlive/texmf/tex/generic/hyphen/dumyhyph.tex)
(/app/.texlive/texmf/tex/generic/hyphen/zerohyph.tex)
(/app/.texlive/texmf-dist/tex/generic/hyph-utf8/loadhyph/loadhyph-eu.tex
EC Basque hyphenation patterns
(/app/.texlive/texmf-dist/tex/generic/hyph-utf8/conversions/conv-utf8-ec.tex)
(/app/.texlive/texmf-dist/tex/generic/hyph-utf8/patterns/tex/hyph-eu.tex))
(/app/.texlive/texmf-dist/tex/generic/hyph-utf8/loadhyph/loadhyph-da.tex
EC Danish hyphenation patterns
(/app/.texlive/texmf-dist/tex/generic/hyph-utf8/conversions/conv-utf8-ec.tex)
(/app/.texlive/texmf-dist/tex/generic/hyph-utf8/patterns/tex/hyph-da.tex))
(/app/.texlive/texmf-dist/tex/generic/hyph-utf8/loadhyph/loadhyph-nl.tex
EC Dutch hyphenation patterns
(/app/.texlive/texmf-dist/tex/generic/hyph-utf8/conversions/conv-utf8-ec.tex)
(/app/.texlive/texmf-dist/tex/generic/hyph-utf8/patterns/tex/hyph-nl.tex))
(/app/.texlive/texmf-dist/tex/generic/hyph-utf8/loadhyph/loadhyph-en-gb.tex
ASCII Hyphenation patterns for British English
(/app/.texlive/texmf-dist/tex/generic/hyph-utf8/patterns/tex/hyph-en-gb.tex))
(/app/.texlive/texmf-dist/tex/generic/hyph-utf8/loadhyph/loadhyph-en-us.tex
ASCII Hyphenation patterns for American English
(/app/.texlive/texmf-dist/tex/generic/hyph-utf8/patterns/tex/hyph-en-us.tex))
(/app/.texlive/texmf-dist/tex/generic/hyph-utf8/loadhyph/loadhyph-fi.tex
EC Finnish hyphenation patterns
(/app/.texlive/texmf-dist/tex/generic/hyph-utf8/conversions/conv-utf8-ec.tex)
(/app/.texlive/texmf-dist/tex/generic/hyph-utf8/patterns/tex/hyph-fi.tex))
(/app/.texlive/texmf-dist/tex/generic/hyph-utf8/loadhyph/loadhyph-fr.tex
EC French hyphenation patterns (V2.12, 2002/12/11)
(/app/.texlive/texmf-dist/tex/generic/hyph-utf8/conversions/conv-utf8-ec.tex)
(/app/.texlive/texmf-dist/tex/generic/hyph-utf8/patterns/tex/hyph-fr.tex))
(/app/.texlive/texmf-dist/tex/generic/hyph-utf8/loadhyph/loadhyph-de-1901.tex
EC German hyphenation patterns (traditional orthography)
(/app/.texlive/texmf/tex/generic/hyphen/dehypht.tex
German Traditional Hyphenation Patterns `dehypht' Version 3.2a <1999/03/03>
(Formerly known under the name `ghyph31' and `ghyphen'.)))
(/app/.texlive/texmf-dist/tex/generic/hyph-utf8/loadhyph/loadhyph-de-1996.tex
EC German hyphenation patterns (reformed orthography)
(/app/.texlive/texmf/tex/generic/hyphen/dehyphn.tex
New German Hyphenation Patterns `dehyphn' Rev.31 <2001-05-07> (WaS)))
(/app/.texlive/texmf-dist/tex/generic/hyph-utf8/loadhyph/loadhyph-de-ch-1901.te
x EC Swiss-German hyphenation patterns (traditional orthography)
(/app/.texlive/texmf-dist/tex/generic/hyph-utf8/conversions/conv-utf8-ec.tex)
(/app/.texlive/texmf-dist/tex/generic/hyph-utf8/patterns/tex/hyph-de-ch-1901.te
x
Swiss-German Hyphenation Patterns (Traditional Orthography) `dehyphts-x' 2012-0
5-30 (WL)))
(/app/.texlive/texmf-dist/tex/generic/hyph-utf8/loadhyph/loadhyph-hu.tex
EC Hungarian hyphenation patterns (v20110815)
(/app/.texlive/texmf-dist/tex/generic/hyph-utf8/conversions/conv-utf8-ec.tex)
(/app/.texlive/texmf-dist/tex/generic/hyph-utf8/patterns/tex/hyph-hu.tex
Huhyphn - hungarian hyphenation patterns v20110815))
(/app/.texlive/texmf-dist/tex/generic/hyph-utf8/loadhyph/loadhyph-it.tex
ASCII Italian hyphenation patterns
(/app/.texlive/texmf-dist/tex/generic/hyph-utf8/patterns/tex/hyph-it.tex))
(/app/.texlive/texmf-dist/tex/generic/hyph-utf8/loadhyph/loadhyph-nb.tex
EC Norwegian Bokmal hyphenation patterns
(/app/.texlive/texmf-dist/tex/generic/hyph-utf8/conversions/conv-utf8-ec.tex)
(/app/.texlive/texmf-dist/tex/generic/hyph-utf8/patterns/tex/hyph-nb.tex
(/app/.texlive/texmf-dist/tex/generic/hyph-utf8/patterns/tex/hyph-no.tex)))
(/app/.texlive/texmf-dist/tex/generic/hyph-utf8/loadhyph/loadhyph-nn.tex
EC Norwegian Nynorsk hyphenation patterns
(/app/.texlive/texmf-dist/tex/generic/hyph-utf8/conversions/conv-utf8-ec.tex)
(/app/.texlive/texmf-dist/tex/generic/hyph-utf8/patterns/tex/hyph-nn.tex
(/app/.texlive/texmf-dist/tex/generic/hyph-utf8/patterns/tex/hyph-no.tex)))
(/app/.texlive/texmf-dist/tex/generic/hyph-utf8/loadhyph/loadhyph-pl.tex
QX Polish hyphenation patterns
(/app/.texlive/texmf-dist/tex/generic/hyph-utf8/conversions/conv-utf8-qx.tex)
(/app/.texlive/texmf-dist/tex/generic/hyph-utf8/patterns/tex/hyph-pl.tex))
(/app/.texlive/texmf-dist/tex/generic/hyph-utf8/loadhyph/loadhyph-pt.tex
EC Portuguese hyphenation patterns
(/app/.texlive/texmf-dist/tex/generic/hyph-utf8/conversions/conv-utf8-ec.tex)
(/app/.texlive/texmf-dist/tex/generic/hyph-utf8/patterns/tex/hyph-pt.tex))
(/app/.texlive/texmf-dist/tex/generic/hyph-utf8/loadhyph/loadhyph-es.tex
EC Spanish hyphenation patterns
(/app/.texlive/texmf-dist/tex/generic/hyph-utf8/conversions/conv-utf8-ec.tex)
(/app/.texlive/texmf-dist/tex/generic/hyph-utf8/patterns/tex/hyph-es.tex))
(/app/.texlive/texmf-dist/tex/generic/hyph-utf8/loadhyph/loadhyph-sv.tex
EC Swedish hyphenation patterns (Jan Michael Rynning, 1994-03-03)
(/app/.texlive/texmf-dist/tex/generic/hyph-utf8/conversions/conv-utf8-ec.tex)
(/app/.texlive/texmf-dist/tex/generic/hyph-utf8/patterns/tex/hyph-sv.tex)))
=================================
Applying patch file ltpatch.ltx
=================================
(/app/.texlive/texmf-dist/tex/latex/base/ltpatch.ltx)
 ) )
Beginning to dump on file pdflatex.fmt
 (format=pdflatex 2012.12.23)
5422 strings of total length 78946
44952 memory locations dumped; current usage is 144&42863
3329 multiletter control sequences
\font\nullfont=nullfont
\font\OMX/cmex/m/n/10=cmex10
\font\tenln=line10
\font\tenlnw=linew10
\font\tencirc=lcircle10
\font\tencircw=lcirclew10
\font\OT1/cmr/m/n/5=cmr5
\font\OT1/cmr/m/n/7=cmr7
\font\OT1/cmr/m/n/10=cmr10
\font\OML/cmm/m/it/5=cmmi5
\font\OML/cmm/m/it/7=cmmi7
\font\OML/cmm/m/it/10=cmmi10
\font\OMS/cmsy/m/n/5=cmsy5
\font\OMS/cmsy/m/n/7=cmsy7
\font\OMS/cmsy/m/n/10=cmsy10
3633 words of font info for 14 preloaded fonts
314 hyphenation exceptions
Hyphenation trie of length 192276 has 4463 ops out of 35111
  127 for language 20
  165 for language 19
  7 for language 18
  194 for language 17
  852 for language 16
  852 for language 15
  37 for language 14
  185 for language 13
  369 for language 12
  235 for language 11
  207 for language 10
  88 for language 9
  31 for language 8
  377 for language 7
  224 for language 6
  265 for language 5
  60 for language 4
  5 for language 3
  2 for language 1
  181 for language 0
0 words of pdfTeX memory
0 indirect objects
No pages of output.
Transcript written on pdflatex.log.
fmtutil: /app/.texlive/texmf-var/web2c/pdftex/pdflatex.fmt installed.
fmtutil: running `luatex -ini   -jobname=dvilualatex -progname=dvilualatex dvilualatex.ini' ...
This is LuaTeX, Version beta-0.70.2-2012052410 (TeX Live 2012) (INITEX)
 restricted \write18 enabled.
(/app/.texlive/texmf-dist/tex/latex/latexconfig/dvilualatex.ini
(/app/.texlive/texmf-dist/tex/latex/latexconfig/lualatexiniconfig.tex)
(/app/.texlive/texmf/tex/generic/config/pdftexconfig.tex)
(/app/.texlive/texmf-dist/tex/latex/base/latex.ltx
(/app/.texlive/texmf-dist/tex/latex/base/texsys.cfg)
./texsys.aux found


\@currdir set to: ./.


Assuming \openin and \input 
have the same search path.


Defining UNIX/DOS style filename parser.

catcodes, registers, compatibility for TeX 2,  parameters,
LaTeX2e <2011/06/27>
hacks, control, par, spacing, files, font encodings, lengths,
====================================

Local config file fonttext.cfg used

====================================
(/app/.texlive/texmf-dist/tex/latex/base/fonttext.cfg
(/app/.texlive/texmf-dist/tex/latex/base/fonttext.ltx
=== Don't modify this file, use a .cfg file instead ===

(/app/.texlive/texmf-dist/tex/latex/base/omlenc.def)
(/app/.texlive/texmf-dist/tex/latex/base/t1enc.def)
(/app/.texlive/texmf-dist/tex/latex/base/ot1enc.def)
(/app/.texlive/texmf-dist/tex/latex/base/omsenc.def)
(/app/.texlive/texmf-dist/tex/latex/base/t1cmr.fd)
(/app/.texlive/texmf-dist/tex/latex/base/ot1cmr.fd)
(/app/.texlive/texmf-dist/tex/latex/base/ot1cmss.fd)
(/app/.texlive/texmf-dist/tex/latex/base/ot1cmtt.fd)))
====================================

Local config file fontmath.cfg used

====================================
(/app/.texlive/texmf-dist/tex/latex/base/fontmath.cfg
(/app/.texlive/texmf-dist/tex/latex/base/fontmath.ltx
=== Don't modify this file, use a .cfg file instead ===

(/app/.texlive/texmf-dist/tex/latex/base/omlcmm.fd)
(/app/.texlive/texmf-dist/tex/latex/base/omscmsy.fd)
(/app/.texlive/texmf-dist/tex/latex/base/omxcmex.fd)
(/app/.texlive/texmf-dist/tex/latex/base/ucmr.fd)))
====================================

Local config file preload.cfg used

=====================================
(/app/.texlive/texmf-dist/tex/latex/base/preload.cfg
(/app/.texlive/texmf-dist/tex/latex/base/preload.ltx)) page nos., x-ref,
environments, center, verbatim, math definitions, boxes, title, sectioning,
contents, floats, footnotes, index, bibliography, output,
===========================================
Local configuration file hyphen.cfg used
===========================================
(/app/.texlive/texmf-dist/tex/luatex/hyph-utf8/hyphen.cfg
(/app/.texlive/texmf/tex/generic/hyphen/hyphen.tex)
(/app/.texlive/texmf/tex/generic/hyphen/dumyhyph.tex)
(/app/.texlive/texmf/tex/generic/hyphen/zerohyph.tex))
=================================
Applying patch file ltpatch.ltx
=================================
(/app/.texlive/texmf-dist/tex/latex/base/ltpatch.ltx)
) (/app/.texlive/texmf-dist/tex/latex/latexconfig/lualatex-patch-kernel.tex)
(/app/.texlive/texmf-dist/tex/latex/latexconfig/lualatexquotejobname.tex)
(/app/.texlive/texmf-dist/tex/latex/latexconfig/lualatex-reset-codes.tex)
(/app/.texlive/texmf/tex/generic/config/luatex-unicode-letters.tex
loading Unicode properties) )
Beginning to dump on file dvilualatex.fmt
 (format=dvilualatex 2012.12.23)
4943 strings using 33496 bytes
150293 memory locations dumped; current usage is 124&46593
3600 multiletter control sequences
\font\nullfont=nullfont
\font\OMX/cmex/m/n/10=cmex10
\font\tenln=line10
\font\tenlnw=linew10
\font\tencirc=lcircle10
\font\tencircw=lcirclew10
\font\OT1/cmr/m/n/5=cmr5
\font\OT1/cmr/m/n/7=cmr7
\font\OT1/cmr/m/n/10=cmr10
\font\OML/cmm/m/it/5=cmmi5
\font\OML/cmm/m/it/7=cmmi7
\font\OML/cmm/m/it/10=cmmi10
\font\OMS/cmsy/m/n/5=cmsy5
\font\OMS/cmsy/m/n/7=cmsy7
\font\OMS/cmsy/m/n/10=cmsy10
14 preloaded fonts
0 words of pdf memory
0 indirect objects
No pages of output.
Transcript written on dvilualatex.log.
fmtutil: /app/.texlive/texmf-var/web2c/luatex/dvilualatex.fmt installed.
fmtutil: running `luatex -ini   -jobname=lualatex -progname=lualatex lualatex.ini' ...
This is LuaTeX, Version beta-0.70.2-2012052410 (TeX Live 2012) (INITEX)
 restricted \write18 enabled.
(/app/.texlive/texmf-dist/tex/latex/latexconfig/lualatex.ini
(/app/.texlive/texmf-dist/tex/latex/latexconfig/lualatexiniconfig.tex)
(/app/.texlive/texmf/tex/generic/config/pdftexconfig.tex)
(/app/.texlive/texmf-dist/tex/latex/base/latex.ltx
(/app/.texlive/texmf-dist/tex/latex/base/texsys.cfg)
./texsys.aux found


\@currdir set to: ./.


Assuming \openin and \input 
have the same search path.


Defining UNIX/DOS style filename parser.

catcodes, registers, compatibility for TeX 2,  parameters,
LaTeX2e <2011/06/27>
hacks, control, par, spacing, files, font encodings, lengths,
====================================

Local config file fonttext.cfg used

====================================
(/app/.texlive/texmf-dist/tex/latex/base/fonttext.cfg
(/app/.texlive/texmf-dist/tex/latex/base/fonttext.ltx
=== Don't modify this file, use a .cfg file instead ===

(/app/.texlive/texmf-dist/tex/latex/base/omlenc.def)
(/app/.texlive/texmf-dist/tex/latex/base/t1enc.def)
(/app/.texlive/texmf-dist/tex/latex/base/ot1enc.def)
(/app/.texlive/texmf-dist/tex/latex/base/omsenc.def)
(/app/.texlive/texmf-dist/tex/latex/base/t1cmr.fd)
(/app/.texlive/texmf-dist/tex/latex/base/ot1cmr.fd)
(/app/.texlive/texmf-dist/tex/latex/base/ot1cmss.fd)
(/app/.texlive/texmf-dist/tex/latex/base/ot1cmtt.fd)))
====================================

Local config file fontmath.cfg used

====================================
(/app/.texlive/texmf-dist/tex/latex/base/fontmath.cfg
(/app/.texlive/texmf-dist/tex/latex/base/fontmath.ltx
=== Don't modify this file, use a .cfg file instead ===

(/app/.texlive/texmf-dist/tex/latex/base/omlcmm.fd)
(/app/.texlive/texmf-dist/tex/latex/base/omscmsy.fd)
(/app/.texlive/texmf-dist/tex/latex/base/omxcmex.fd)
(/app/.texlive/texmf-dist/tex/latex/base/ucmr.fd)))
====================================

Local config file preload.cfg used

=====================================
(/app/.texlive/texmf-dist/tex/latex/base/preload.cfg
(/app/.texlive/texmf-dist/tex/latex/base/preload.ltx)) page nos., x-ref,
environments, center, verbatim, math definitions, boxes, title, sectioning,
contents, floats, footnotes, index, bibliography, output,
===========================================
Local configuration file hyphen.cfg used
===========================================
(/app/.texlive/texmf-dist/tex/luatex/hyph-utf8/hyphen.cfg
(/app/.texlive/texmf/tex/generic/hyphen/hyphen.tex)
(/app/.texlive/texmf/tex/generic/hyphen/dumyhyph.tex)
(/app/.texlive/texmf/tex/generic/hyphen/zerohyph.tex))
=================================
Applying patch file ltpatch.ltx
=================================
(/app/.texlive/texmf-dist/tex/latex/base/ltpatch.ltx)
) (/app/.texlive/texmf-dist/tex/latex/latexconfig/lualatex-patch-kernel.tex)
(/app/.texlive/texmf-dist/tex/latex/latexconfig/lualatexquotejobname.tex)
(/app/.texlive/texmf-dist/tex/latex/latexconfig/lualatex-reset-codes.tex)
(/app/.texlive/texmf/tex/generic/config/luatex-unicode-letters.tex
loading Unicode properties) )
Beginning to dump on file lualatex.fmt
 (format=lualatex 2012.12.23)
4943 strings using 33487 bytes
150293 memory locations dumped; current usage is 124&46593
3600 multiletter control sequences
\font\nullfont=nullfont
\font\OMX/cmex/m/n/10=cmex10
\font\tenln=line10
\font\tenlnw=linew10
\font\tencirc=lcircle10
\font\tencircw=lcirclew10
\font\OT1/cmr/m/n/5=cmr5
\font\OT1/cmr/m/n/7=cmr7
\font\OT1/cmr/m/n/10=cmr10
\font\OML/cmm/m/it/5=cmmi5
\font\OML/cmm/m/it/7=cmmi7
\font\OML/cmm/m/it/10=cmmi10
\font\OMS/cmsy/m/n/5=cmsy5
\font\OMS/cmsy/m/n/7=cmsy7
\font\OMS/cmsy/m/n/10=cmsy10
14 preloaded fonts
0 words of pdf memory
0 indirect objects
No pages of output.
Transcript written on lualatex.log.
fmtutil: /app/.texlive/texmf-var/web2c/luatex/lualatex.fmt installed.
fmtutil: running `luatex -ini   -jobname=luatex -progname=luatex luatex.ini' ...
This is LuaTeX, Version beta-0.70.2-2012052410 (TeX Live 2012) (INITEX)
 restricted \write18 enabled.
(/app/.texlive/texmf-dist/tex/plain/config/luatex.ini
(/app/.texlive/texmf/tex/generic/config/luatexiniconfig.tex)
(/app/.texlive/texmf/tex/generic/config/luatex-unicode-letters.tex
loading Unicode properties)
(/app/.texlive/texmf-dist/tex/plain/config/pdfetex.ini
(/app/.texlive/texmf/tex/generic/config/pdftexconfig.tex)
(/app/.texlive/texmf-dist/tex/luatex/hyph-utf8/etex.src
(/app/.texlive/texmf-dist/tex/plain/base/plain.tex
Preloading the plain format: codes, registers, parameters, fonts, more fonts,
macros, math definitions, output routines, hyphenation
(/app/.texlive/texmf/tex/generic/hyphen/hyphen.tex
[skipping from \patterns to end-of-file...]))
(/app/.texlive/texmf-dist/tex/plain/etex/etexdefs.lib
Skipping module "grouptypes"; Loading module "interactionmodes";
Skipping module "nodetypes"; Skipping module "iftypes";)
(/app/.texlive/texmf-var/tex/generic/config/language.def
(/app/.texlive/texmf/tex/generic/hyphen/hyphen.tex))
Augmenting the Plain TeX definitions: \tracingall;
Adding new e-TeX definitions: \eTeX, \loggingall, \tracingnone,
register allocation; extended register allocation; 
Recycling: \addlanguage, \@nswer (not defined), \@sk, \b@dresponsetrue,
\b@dresponsefalse, \ch@ckforyn, \mayber@cycle, \et@xabort, \et@xbuf,
\et@xfmtsrc, \et@xfilehdr, \et@xinf, \et@xpatterns, \l@ngdefnfile, \n@xt,
\p@rse (not defined), \pr@mpt (not defined), \pr@mptloop (not defined),
\forcer@cycle, \usef@llback, \usef@llbacktrue, \usef@llbackfalse, 
Retaining: \et@xerr, \et@xinput, \et@xlibhdr, \et@xmsg, \et@xtoks, \et@xwarn,
\et@xl@@d, \et@xl@ad, \et@xload, \et@xlang, \et@xhash, \eTeX, \etexhdrchk,
\etexstatus, \module, \uselanguage, \r@tain, \r@cycle,)
(/app/.texlive/texmf-dist/tex/plain/config/pdftexmagfix.tex) ) )
Beginning to dump on file luatex.fmt
 (format=luatex 2012.12.23)
3254 strings using 10637 bytes
69031 memory locations dumped; current usage is 103&7995
1815 multiletter control sequences
\font\nullfont=nullfont
\font\tenrm=cmr10
\font\preloaded=cmr9
\font\preloaded=cmr8
\font\sevenrm=cmr7
\font\preloaded=cmr6
\font\fiverm=cmr5
\font\teni=cmmi10
\font\preloaded=cmmi9
\font\preloaded=cmmi8
\font\seveni=cmmi7
\font\preloaded=cmmi6
\font\fivei=cmmi5
\font\tensy=cmsy10
\font\preloaded=cmsy9
\font\preloaded=cmsy8
\font\sevensy=cmsy7
\font\preloaded=cmsy6
\font\fivesy=cmsy5
\font\tenex=cmex10
\font\preloaded=cmss10
\font\preloaded=cmssq8
\font\preloaded=cmssi10
\font\preloaded=cmssqi8
\font\tenbf=cmbx10
\font\preloaded=cmbx9
\font\preloaded=cmbx8
\font\sevenbf=cmbx7
\font\preloaded=cmbx6
\font\fivebf=cmbx5
\font\tentt=cmtt10
\font\preloaded=cmtt9
\font\preloaded=cmtt8
\font\preloaded=cmsltt10
\font\tensl=cmsl10
\font\preloaded=cmsl9
\font\preloaded=cmsl8
\font\tenit=cmti10
\font\preloaded=cmti9
\font\preloaded=cmti8
\font\preloaded=cmti7
\font\preloaded=cmu10
\font\preloaded=cmmib10
\font\preloaded=cmbsy10
\font\preloaded=cmcsc10
\font\preloaded=cmssbx10
\font\preloaded=cmdunh10
\font\preloaded=cmr7 at 14.51799pt
\font\preloaded=cmtt10 at 14.4pt
\font\preloaded=cmssbx10 at 14.4pt
\font\preloaded=manfnt
50 preloaded fonts
0 words of pdf memory
0 indirect objects
No pages of output.
Transcript written on luatex.log.
fmtutil: /app/.texlive/texmf-var/web2c/luatex/luatex.fmt installed.
fmtutil: running `luatex -ini   -jobname=dviluatex -progname=dviluatex dviluatex.ini' ...
This is LuaTeX, Version beta-0.70.2-2012052410 (TeX Live 2012) (INITEX)
 restricted \write18 enabled.
(/app/.texlive/texmf-dist/tex/plain/config/dviluatex.ini
(/app/.texlive/texmf/tex/generic/config/luatexiniconfig.tex)
(/app/.texlive/texmf/tex/generic/config/luatex-unicode-letters.tex
loading Unicode properties) (/app/.texlive/texmf-dist/tex/plain/config/etex.ini
(/app/.texlive/texmf-dist/tex/luatex/hyph-utf8/etex.src
(/app/.texlive/texmf-dist/tex/plain/base/plain.tex
Preloading the plain format: codes, registers, parameters, fonts, more fonts,
macros, math definitions, output routines, hyphenation
(/app/.texlive/texmf/tex/generic/hyphen/hyphen.tex
[skipping from \patterns to end-of-file...]))
(/app/.texlive/texmf-dist/tex/plain/etex/etexdefs.lib
Skipping module "grouptypes"; Loading module "interactionmodes";
Skipping module "nodetypes"; Skipping module "iftypes";)
(/app/.texlive/texmf-var/tex/generic/config/language.def
(/app/.texlive/texmf/tex/generic/hyphen/hyphen.tex))
Augmenting the Plain TeX definitions: \tracingall;
Adding new e-TeX definitions: \eTeX, \loggingall, \tracingnone,
register allocation; extended register allocation; 
Recycling: \addlanguage, \@nswer (not defined), \@sk, \b@dresponsetrue,
\b@dresponsefalse, \ch@ckforyn, \mayber@cycle, \et@xabort, \et@xbuf,
\et@xfmtsrc, \et@xfilehdr, \et@xinf, \et@xpatterns, \l@ngdefnfile, \n@xt,
\p@rse (not defined), \pr@mpt (not defined), \pr@mptloop (not defined),
\forcer@cycle, \usef@llback, \usef@llbacktrue, \usef@llbackfalse, 
Retaining: \et@xerr, \et@xinput, \et@xlibhdr, \et@xmsg, \et@xtoks, \et@xwarn,
\et@xl@@d, \et@xl@ad, \et@xload, \et@xlang, \et@xhash, \eTeX, \etexhdrchk,
\etexstatus, \module, \uselanguage, \r@tain, \r@cycle,) ) )
Beginning to dump on file dviluatex.fmt
 (format=dviluatex 2012.12.23)
3242 strings using 10582 bytes
69031 memory locations dumped; current usage is 103&7964
1813 multiletter control sequences
\font\nullfont=nullfont
\font\tenrm=cmr10
\font\preloaded=cmr9
\font\preloaded=cmr8
\font\sevenrm=cmr7
\font\preloaded=cmr6
\font\fiverm=cmr5
\font\teni=cmmi10
\font\preloaded=cmmi9
\font\preloaded=cmmi8
\font\seveni=cmmi7
\font\preloaded=cmmi6
\font\fivei=cmmi5
\font\tensy=cmsy10
\font\preloaded=cmsy9
\font\preloaded=cmsy8
\font\sevensy=cmsy7
\font\preloaded=cmsy6
\font\fivesy=cmsy5
\font\tenex=cmex10
\font\preloaded=cmss10
\font\preloaded=cmssq8
\font\preloaded=cmssi10
\font\preloaded=cmssqi8
\font\tenbf=cmbx10
\font\preloaded=cmbx9
\font\preloaded=cmbx8
\font\sevenbf=cmbx7
\font\preloaded=cmbx6
\font\fivebf=cmbx5
\font\tentt=cmtt10
\font\preloaded=cmtt9
\font\preloaded=cmtt8
\font\preloaded=cmsltt10
\font\tensl=cmsl10
\font\preloaded=cmsl9
\font\preloaded=cmsl8
\font\tenit=cmti10
\font\preloaded=cmti9
\font\preloaded=cmti8
\font\preloaded=cmti7
\font\preloaded=cmu10
\font\preloaded=cmmib10
\font\preloaded=cmbsy10
\font\preloaded=cmcsc10
\font\preloaded=cmssbx10
\font\preloaded=cmdunh10
\font\preloaded=cmr7 at 14.51799pt
\font\preloaded=cmtt10 at 14.4pt
\font\preloaded=cmssbx10 at 14.4pt
\font\preloaded=manfnt
50 preloaded fonts
0 words of pdf memory
0 indirect objects
No pages of output.
Transcript written on dviluatex.log.
fmtutil: /app/.texlive/texmf-var/web2c/luatex/dviluatex.fmt installed.
fmtutil: running `mf-nowin -ini   -jobname=mf -progname=mf -translate-file=cp227.tcx mf.ini' ...
This is METAFONT, Version 2.718281 (TeX Live 2012) (INIMF)
(/app/.texlive/texmf/web2c/cp227.tcx)
(/app/.texlive/texmf-dist/metafont/config/mf.ini
(/app/.texlive/texmf-dist/metafont/base/plain.mf
Preloading the plain base, version 2.71: preliminaries,
 basic constants and mathematical macros,
 macros for converting from device-independent units to pixels,
 macros and tables for various modes of operation,
 macros for drawing and filling,
 macros for proof labels and rules,
 macros for character and font administration,
and a few last-minute items.) (/app/.texlive/texmf-dist/metafont/misc/modes.mf)
 )
Beginning to dump on file mf.base
 (base=mf 2012.12.23)
2226 strings of total length 29976
11864 memory locations dumped; current usage is 3658&7844
1004 symbolic tokens
Transcript written on mf.log.
fmtutil: /app/.texlive/texmf-var/web2c/metafont/mf.base installed.
fmtutil: running `pdftex -ini   -jobname=mptopdf -progname=context -translate-file=cp227.tcx mptopdf.tex' ...
This is pdfTeX, Version 3.1415926-2.4-1.40.13 (TeX Live 2012) (INITEX)
 restricted \write18 enabled.
 (/app/.texlive/texmf/web2c/cp227.tcx)
(/app/.texlive/texmf-dist/tex/generic/context/mptopdf/mptopdf.tex
(/app/.texlive/texmf-dist/tex/context/base/syst-tex.mkii
(/app/.texlive/texmf-dist/tex/plain/base/plain.tex
Preloading the plain format: codes, registers, parameters, fonts,
skipping \font in plain
skipping \font in plain
skipping \font in plain
skipping \font in plain
skipping \font in plain
skipping \font in plain
skipping \font in plain
skipping \font in plain
skipping \font in plain
skipping \font in plain
skipping \font in plain
skipping \font in plain
skipping \font in plain
skipping \font in plain
skipping \font in plain
skipping \font in plain
skipping \font in plain
skipping \font in plain
skipping \font in plain
skipping \font in plain
skipping \font in plain
skipping \font in plain
skipping \font in plain
skipping \font in plain
skipping \font in plain
skipping \font in plain
skipping \font in plain
skipping \font in plain
skipping \font in plain
skipping \font in plain
skipping \font in plain
skipping \font in plain
skipping \font in plain
skipping \font in plain
skipping \font in plain
skipping \font in plain
skipping \font in plain
skipping \font in plain
skipping \font in plain
skipping \font in plain
more fonts,
skipping \font in plain
skipping \font in plain
skipping \font in plain
skipping \font in plain
skipping \font in plain
skipping \font in plain
skipping scaled \font in plain
skipping scaled \font in plain
skipping scaled \font in plain
skipping \font in plain
skipping \skewchar in plain
skipping \skewchar in plain
skipping \skewchar in plain
skipping \skewchar in plain
skipping \skewchar in plain
skipping \skewchar in plain
skipping \textfont in plain
skipping \scriptfont in plain
skipping \scriptscriptfont in plain
skipping \textfont in plain
skipping \scriptfont in plain
skipping \scriptscriptfont in plain
skipping \textfont in plain
skipping \scriptfont in plain
skipping \scriptscriptfont in plain
skipping \textfont in plain
skipping \scriptfont in plain
skipping \scriptscriptfont in plain
skipping \textfont in plain
skipping \textfont in plain
skipping \textfont in plain
skipping \scriptfont in plain
skipping \scriptscriptfont in plain
skipping \textfont in plain
macros, math definitions,
skipping used \tenex in plain
output routines, hyphenation
skipping \input in plain
skipping \tenrm in plain
)) (/app/.texlive/texmf-dist/tex/context/base/supp-mis.mkii
loading : ConTeXt Support Macros / Miscellaneous (2004.10.26)
) (/app/.texlive/texmf-dist/tex/context/base/supp-pdf.mkii
loading : ConTeXt Support Macros / PDF
) (/app/.texlive/texmf-dist/tex/context/base/supp-mpe.mkii
loading : ConTeXt Support Macros / MPS extensions
) )
Beginning to dump on file mptopdf.fmt
 (format=mptopdf 2012.12.23)
3279 strings of total length 48581
13893 memory locations dumped; current usage is 116&13746
1657 multiletter control sequences
\font\nullfont=nullfont
0 words of font info for 0 preloaded fonts
0 hyphenation exceptions
Hyphenation trie of length 256 has 0 ops out of 35111
0 words of pdfTeX memory
0 indirect objects
No pages of output.
Transcript written on mptopdf.log.
fmtutil: /app/.texlive/texmf-var/web2c/pdftex/mptopdf.fmt installed.
fmtutil: running `pdftex -ini   -jobname=pdftex -progname=pdftex -translate-file=cp227.tcx *pdfetex.ini' ...
This is pdfTeX, Version 3.1415926-2.4-1.40.13 (TeX Live 2012) (INITEX)
 restricted \write18 enabled.
 (/app/.texlive/texmf/web2c/cp227.tcx)
entering extended mode
(/app/.texlive/texmf-dist/tex/plain/config/pdfetex.ini
(/app/.texlive/texmf/tex/generic/config/pdftexconfig.tex)
(/app/.texlive/texmf-dist/tex/plain/etex/etex.src
(/app/.texlive/texmf-dist/tex/plain/base/plain.tex
Preloading the plain format: codes, registers, parameters, fonts, more fonts,
macros, math definitions, output routines, hyphenation
(/app/.texlive/texmf/tex/generic/hyphen/hyphen.tex
[skipping from \patterns to end-of-file...]))
(/app/.texlive/texmf-dist/tex/plain/etex/etexdefs.lib
Skipping module "grouptypes"; Loading module "interactionmodes";
Skipping module "nodetypes"; Skipping module "iftypes";)
(/app/.texlive/texmf-var/tex/generic/config/language.def
(/app/.texlive/texmf/tex/generic/hyphen/hyphen.tex)
(/app/.texlive/texmf-dist/tex/generic/hyph-utf8/loadhyph/loadhyph-eu.tex
EC Basque hyphenation patterns
(/app/.texlive/texmf-dist/tex/generic/hyph-utf8/conversions/conv-utf8-ec.tex)
(/app/.texlive/texmf-dist/tex/generic/hyph-utf8/patterns/tex/hyph-eu.tex))
(/app/.texlive/texmf-dist/tex/generic/hyph-utf8/loadhyph/loadhyph-da.tex
EC Danish hyphenation patterns
(/app/.texlive/texmf-dist/tex/generic/hyph-utf8/conversions/conv-utf8-ec.tex)
(/app/.texlive/texmf-dist/tex/generic/hyph-utf8/patterns/tex/hyph-da.tex))
(/app/.texlive/texmf-dist/tex/generic/hyph-utf8/loadhyph/loadhyph-nl.tex
EC Dutch hyphenation patterns
(/app/.texlive/texmf-dist/tex/generic/hyph-utf8/conversions/conv-utf8-ec.tex)
(/app/.texlive/texmf-dist/tex/generic/hyph-utf8/patterns/tex/hyph-nl.tex))
(/app/.texlive/texmf-dist/tex/generic/hyph-utf8/loadhyph/loadhyph-en-gb.tex
ASCII Hyphenation patterns for British English
(/app/.texlive/texmf-dist/tex/generic/hyph-utf8/patterns/tex/hyph-en-gb.tex))
(/app/.texlive/texmf-dist/tex/generic/hyph-utf8/loadhyph/loadhyph-en-gb.tex
ASCII Hyphenation patterns for British English
(/app/.texlive/texmf-dist/tex/generic/hyph-utf8/patterns/tex/hyph-en-gb.tex))
(/app/.texlive/texmf-dist/tex/generic/hyph-utf8/loadhyph/loadhyph-en-gb.tex
ASCII Hyphenation patterns for British English
(/app/.texlive/texmf-dist/tex/generic/hyph-utf8/patterns/tex/hyph-en-gb.tex))
(/app/.texlive/texmf-dist/tex/generic/hyph-utf8/loadhyph/loadhyph-en-us.tex
ASCII Hyphenation patterns for American English
(/app/.texlive/texmf-dist/tex/generic/hyph-utf8/patterns/tex/hyph-en-us.tex))
(/app/.texlive/texmf-dist/tex/generic/hyph-utf8/loadhyph/loadhyph-fi.tex
EC Finnish hyphenation patterns
(/app/.texlive/texmf-dist/tex/generic/hyph-utf8/conversions/conv-utf8-ec.tex)
(/app/.texlive/texmf-dist/tex/generic/hyph-utf8/patterns/tex/hyph-fi.tex))
(/app/.texlive/texmf-dist/tex/generic/hyph-utf8/loadhyph/loadhyph-fr.tex
EC French hyphenation patterns (V2.12, 2002/12/11)
(/app/.texlive/texmf-dist/tex/generic/hyph-utf8/conversions/conv-utf8-ec.tex)
(/app/.texlive/texmf-dist/tex/generic/hyph-utf8/patterns/tex/hyph-fr.tex))
(/app/.texlive/texmf-dist/tex/generic/hyph-utf8/loadhyph/loadhyph-fr.tex
EC French hyphenation patterns (V2.12, 2002/12/11)
(/app/.texlive/texmf-dist/tex/generic/hyph-utf8/conversions/conv-utf8-ec.tex)
(/app/.texlive/texmf-dist/tex/generic/hyph-utf8/patterns/tex/hyph-fr.tex))
(/app/.texlive/texmf-dist/tex/generic/hyph-utf8/loadhyph/loadhyph-fr.tex
EC French hyphenation patterns (V2.12, 2002/12/11)
(/app/.texlive/texmf-dist/tex/generic/hyph-utf8/conversions/conv-utf8-ec.tex)
(/app/.texlive/texmf-dist/tex/generic/hyph-utf8/patterns/tex/hyph-fr.tex))
(/app/.texlive/texmf-dist/tex/generic/hyph-utf8/loadhyph/loadhyph-de-1901.tex
EC German hyphenation patterns (traditional orthography)
(/app/.texlive/texmf/tex/generic/hyphen/dehypht.tex
German Traditional Hyphenation Patterns `dehypht' Version 3.2a <1999/03/03>
(Formerly known under the name `ghyph31' and `ghyphen'.)))
(/app/.texlive/texmf-dist/tex/generic/hyph-utf8/loadhyph/loadhyph-de-1996.tex
EC German hyphenation patterns (reformed orthography)
(/app/.texlive/texmf/tex/generic/hyphen/dehyphn.tex
New German Hyphenation Patterns `dehyphn' Rev.31 <2001-05-07> (WaS)))
(/app/.texlive/texmf-dist/tex/generic/hyph-utf8/loadhyph/loadhyph-de-ch-1901.te
x EC Swiss-German hyphenation patterns (traditional orthography)
(/app/.texlive/texmf-dist/tex/generic/hyph-utf8/conversions/conv-utf8-ec.tex)
(/app/.texlive/texmf-dist/tex/generic/hyph-utf8/patterns/tex/hyph-de-ch-1901.te
x
Swiss-German Hyphenation Patterns (Traditional Orthography) `dehyphts-x' 2012-0
5-30 (WL)))
(/app/.texlive/texmf-dist/tex/generic/hyph-utf8/loadhyph/loadhyph-hu.tex
EC Hungarian hyphenation patterns (v20110815)
(/app/.texlive/texmf-dist/tex/generic/hyph-utf8/conversions/conv-utf8-ec.tex)
(/app/.texlive/texmf-dist/tex/generic/hyph-utf8/patterns/tex/hyph-hu.tex
Huhyphn - hungarian hyphenation patterns v20110815))
(/app/.texlive/texmf-dist/tex/generic/hyph-utf8/loadhyph/loadhyph-it.tex
ASCII Italian hyphenation patterns
(/app/.texlive/texmf-dist/tex/generic/hyph-utf8/patterns/tex/hyph-it.tex))
(/app/.texlive/texmf-dist/tex/generic/hyph-utf8/loadhyph/loadhyph-nb.tex
EC Norwegian Bokmal hyphenation patterns
(/app/.texlive/texmf-dist/tex/generic/hyph-utf8/conversions/conv-utf8-ec.tex)
(/app/.texlive/texmf-dist/tex/generic/hyph-utf8/patterns/tex/hyph-nb.tex
(/app/.texlive/texmf-dist/tex/generic/hyph-utf8/patterns/tex/hyph-no.tex)))
(/app/.texlive/texmf-dist/tex/generic/hyph-utf8/loadhyph/loadhyph-nb.tex
EC Norwegian Bokmal hyphenation patterns
(/app/.texlive/texmf-dist/tex/generic/hyph-utf8/conversions/conv-utf8-ec.tex)
(/app/.texlive/texmf-dist/tex/generic/hyph-utf8/patterns/tex/hyph-nb.tex
(/app/.texlive/texmf-dist/tex/generic/hyph-utf8/patterns/tex/hyph-no.tex)))
(/app/.texlive/texmf-dist/tex/generic/hyph-utf8/loadhyph/loadhyph-nb.tex
EC Norwegian Bokmal hyphenation patterns
(/app/.texlive/texmf-dist/tex/generic/hyph-utf8/conversions/conv-utf8-ec.tex)
(/app/.texlive/texmf-dist/tex/generic/hyph-utf8/patterns/tex/hyph-nb.tex
(/app/.texlive/texmf-dist/tex/generic/hyph-utf8/patterns/tex/hyph-no.tex)))
(/app/.texlive/texmf-dist/tex/generic/hyph-utf8/loadhyph/loadhyph-nn.tex
EC Norwegian Nynorsk hyphenation patterns
(/app/.texlive/texmf-dist/tex/generic/hyph-utf8/conversions/conv-utf8-ec.tex)
(/app/.texlive/texmf-dist/tex/generic/hyph-utf8/patterns/tex/hyph-nn.tex
(/app/.texlive/texmf-dist/tex/generic/hyph-utf8/patterns/tex/hyph-no.tex)))
(/app/.texlive/texmf-dist/tex/generic/hyph-utf8/loadhyph/loadhyph-pl.tex
QX Polish hyphenation patterns
(/app/.texlive/texmf-dist/tex/generic/hyph-utf8/conversions/conv-utf8-qx.tex)
(/app/.texlive/texmf-dist/tex/generic/hyph-utf8/patterns/tex/hyph-pl.tex))
(/app/.texlive/texmf-dist/tex/generic/hyph-utf8/loadhyph/loadhyph-pt.tex
EC Portuguese hyphenation patterns
(/app/.texlive/texmf-dist/tex/generic/hyph-utf8/conversions/conv-utf8-ec.tex)
(/app/.texlive/texmf-dist/tex/generic/hyph-utf8/patterns/tex/hyph-pt.tex))
(/app/.texlive/texmf-dist/tex/generic/hyph-utf8/loadhyph/loadhyph-pt.tex
EC Portuguese hyphenation patterns
(/app/.texlive/texmf-dist/tex/generic/hyph-utf8/conversions/conv-utf8-ec.tex)
(/app/.texlive/texmf-dist/tex/generic/hyph-utf8/patterns/tex/hyph-pt.tex))
(/app/.texlive/texmf-dist/tex/generic/hyph-utf8/loadhyph/loadhyph-es.tex
EC Spanish hyphenation patterns
(/app/.texlive/texmf-dist/tex/generic/hyph-utf8/conversions/conv-utf8-ec.tex)
(/app/.texlive/texmf-dist/tex/generic/hyph-utf8/patterns/tex/hyph-es.tex))
(/app/.texlive/texmf-dist/tex/generic/hyph-utf8/loadhyph/loadhyph-es.tex
EC Spanish hyphenation patterns
(/app/.texlive/texmf-dist/tex/generic/hyph-utf8/conversions/conv-utf8-ec.tex)
(/app/.texlive/texmf-dist/tex/generic/hyph-utf8/patterns/tex/hyph-es.tex))
(/app/.texlive/texmf-dist/tex/generic/hyph-utf8/loadhyph/loadhyph-sv.tex
EC Swedish hyphenation patterns (Jan Michael Rynning, 1994-03-03)
(/app/.texlive/texmf-dist/tex/generic/hyph-utf8/conversions/conv-utf8-ec.tex)
(/app/.texlive/texmf-dist/tex/generic/hyph-utf8/patterns/tex/hyph-sv.tex)))
Augmenting the Plain TeX definitions: \tracingall;
Adding new e-TeX definitions: \eTeX, \loggingall, \tracingnone,
register allocation; extended register allocation; 
Recycling: \addlanguage, \@nswer (not defined), \@sk, \b@dresponsetrue,
\b@dresponsefalse, \ch@ckforyn, \mayber@cycle, \et@xabort, \et@xbuf,
\et@xfmtsrc, \et@xfilehdr, \et@xinf, \et@xpatterns, \l@ngdefnfile, \n@xt,
\p@rse (not defined), \pr@mpt (not defined), \pr@mptloop (not defined),
\forcer@cycle, \usef@llback, \usef@llbacktrue, \usef@llbackfalse, 
Retaining: \et@xerr, \et@xinput, \et@xlibhdr, \et@xmsg, \et@xtoks, \et@xwarn,
\et@xl@@d, \et@xl@ad, \et@xload, \et@xlang, \et@xhash, \eTeX, \etexhdrchk,
\etexstatus, \module, \uselanguage, \r@tain, \r@cycle,)
(/app/.texlive/texmf-dist/tex/plain/config/pdftexmagfix.tex) )
Beginning to dump on file pdftex.fmt
 (format=pdftex 2012.12.23)
3689 strings of total length 60419
8888 memory locations dumped; current usage is 203&8249
1336 multiletter control sequences
\font\nullfont=nullfont
\font\tenrm=cmr10
\font\preloaded=cmr9
\font\preloaded=cmr8
\font\sevenrm=cmr7
\font\preloaded=cmr6
\font\fiverm=cmr5
\font\teni=cmmi10
\font\preloaded=cmmi9
\font\preloaded=cmmi8
\font\seveni=cmmi7
\font\preloaded=cmmi6
\font\fivei=cmmi5
\font\tensy=cmsy10
\font\preloaded=cmsy9
\font\preloaded=cmsy8
\font\sevensy=cmsy7
\font\preloaded=cmsy6
\font\fivesy=cmsy5
\font\tenex=cmex10
\font\preloaded=cmss10
\font\preloaded=cmssq8
\font\preloaded=cmssi10
\font\preloaded=cmssqi8
\font\tenbf=cmbx10
\font\preloaded=cmbx9
\font\preloaded=cmbx8
\font\sevenbf=cmbx7
\font\preloaded=cmbx6
\font\fivebf=cmbx5
\font\tentt=cmtt10
\font\preloaded=cmtt9
\font\preloaded=cmtt8
\font\preloaded=cmsltt10
\font\tensl=cmsl10
\font\preloaded=cmsl9
\font\preloaded=cmsl8
\font\tenit=cmti10
\font\preloaded=cmti9
\font\preloaded=cmti8
\font\preloaded=cmti7
\font\preloaded=cmu10
\font\preloaded=cmmib10
\font\preloaded=cmbsy10
\font\preloaded=cmcsc10
\font\preloaded=cmssbx10
\font\preloaded=cmdunh10
\font\preloaded=cmr7 at 14.51799pt
\font\preloaded=cmtt10 at 14.4pt
\font\preloaded=cmssbx10 at 14.4pt
\font\preloaded=manfnt
14787 words of font info for 50 preloaded fonts
548 hyphenation exceptions
Hyphenation trie of length 192273 has 6961 ops out of 35111
  127 for language 26
  165 for language 25
  165 for language 24
  7 for language 23
  7 for language 22
  194 for language 21
  852 for language 20
  852 for language 19
  852 for language 18
  852 for language 17
  37 for language 16
  185 for language 15
  369 for language 14
  235 for language 13
  207 for language 12
  88 for language 11
  88 for language 10
  88 for language 9
  31 for language 8
  377 for language 7
  224 for language 6
  224 for language 5
  224 for language 4
  265 for language 3
  60 for language 2
  5 for language 1
  181 for language 0
0 words of pdfTeX memory
0 indirect objects
No pages of output.
Transcript written on pdftex.log.
fmtutil: /app/.texlive/texmf-var/web2c/pdftex/pdftex.fmt installed.
fmtutil: running `pdftex -ini   -jobname=etex -progname=etex -translate-file=cp227.tcx *etex.ini' ...
This is pdfTeX, Version 3.1415926-2.4-1.40.13 (TeX Live 2012) (INITEX)
 restricted \write18 enabled.
 (/app/.texlive/texmf/web2c/cp227.tcx)
entering extended mode
(/app/.texlive/texmf-dist/tex/plain/config/etex.ini
(/app/.texlive/texmf-dist/tex/plain/etex/etex.src
(/app/.texlive/texmf-dist/tex/plain/base/plain.tex
Preloading the plain format: codes, registers, parameters, fonts, more fonts,
macros, math definitions, output routines, hyphenation
(/app/.texlive/texmf/tex/generic/hyphen/hyphen.tex
[skipping from \patterns to end-of-file...]))
(/app/.texlive/texmf-dist/tex/plain/etex/etexdefs.lib
Skipping module "grouptypes"; Loading module "interactionmodes";
Skipping module "nodetypes"; Skipping module "iftypes";)
(/app/.texlive/texmf-var/tex/generic/config/language.def
(/app/.texlive/texmf/tex/generic/hyphen/hyphen.tex)
(/app/.texlive/texmf-dist/tex/generic/hyph-utf8/loadhyph/loadhyph-eu.tex
EC Basque hyphenation patterns
(/app/.texlive/texmf-dist/tex/generic/hyph-utf8/conversions/conv-utf8-ec.tex)
(/app/.texlive/texmf-dist/tex/generic/hyph-utf8/patterns/tex/hyph-eu.tex))
(/app/.texlive/texmf-dist/tex/generic/hyph-utf8/loadhyph/loadhyph-da.tex
EC Danish hyphenation patterns
(/app/.texlive/texmf-dist/tex/generic/hyph-utf8/conversions/conv-utf8-ec.tex)
(/app/.texlive/texmf-dist/tex/generic/hyph-utf8/patterns/tex/hyph-da.tex))
(/app/.texlive/texmf-dist/tex/generic/hyph-utf8/loadhyph/loadhyph-nl.tex
EC Dutch hyphenation patterns
(/app/.texlive/texmf-dist/tex/generic/hyph-utf8/conversions/conv-utf8-ec.tex)
(/app/.texlive/texmf-dist/tex/generic/hyph-utf8/patterns/tex/hyph-nl.tex))
(/app/.texlive/texmf-dist/tex/generic/hyph-utf8/loadhyph/loadhyph-en-gb.tex
ASCII Hyphenation patterns for British English
(/app/.texlive/texmf-dist/tex/generic/hyph-utf8/patterns/tex/hyph-en-gb.tex))
(/app/.texlive/texmf-dist/tex/generic/hyph-utf8/loadhyph/loadhyph-en-gb.tex
ASCII Hyphenation patterns for British English
(/app/.texlive/texmf-dist/tex/generic/hyph-utf8/patterns/tex/hyph-en-gb.tex))
(/app/.texlive/texmf-dist/tex/generic/hyph-utf8/loadhyph/loadhyph-en-gb.tex
ASCII Hyphenation patterns for British English
(/app/.texlive/texmf-dist/tex/generic/hyph-utf8/patterns/tex/hyph-en-gb.tex))
(/app/.texlive/texmf-dist/tex/generic/hyph-utf8/loadhyph/loadhyph-en-us.tex
ASCII Hyphenation patterns for American English
(/app/.texlive/texmf-dist/tex/generic/hyph-utf8/patterns/tex/hyph-en-us.tex))
(/app/.texlive/texmf-dist/tex/generic/hyph-utf8/loadhyph/loadhyph-fi.tex
EC Finnish hyphenation patterns
(/app/.texlive/texmf-dist/tex/generic/hyph-utf8/conversions/conv-utf8-ec.tex)
(/app/.texlive/texmf-dist/tex/generic/hyph-utf8/patterns/tex/hyph-fi.tex))
(/app/.texlive/texmf-dist/tex/generic/hyph-utf8/loadhyph/loadhyph-fr.tex
EC French hyphenation patterns (V2.12, 2002/12/11)
(/app/.texlive/texmf-dist/tex/generic/hyph-utf8/conversions/conv-utf8-ec.tex)
(/app/.texlive/texmf-dist/tex/generic/hyph-utf8/patterns/tex/hyph-fr.tex))
(/app/.texlive/texmf-dist/tex/generic/hyph-utf8/loadhyph/loadhyph-fr.tex
EC French hyphenation patterns (V2.12, 2002/12/11)
(/app/.texlive/texmf-dist/tex/generic/hyph-utf8/conversions/conv-utf8-ec.tex)
(/app/.texlive/texmf-dist/tex/generic/hyph-utf8/patterns/tex/hyph-fr.tex))
(/app/.texlive/texmf-dist/tex/generic/hyph-utf8/loadhyph/loadhyph-fr.tex
EC French hyphenation patterns (V2.12, 2002/12/11)
(/app/.texlive/texmf-dist/tex/generic/hyph-utf8/conversions/conv-utf8-ec.tex)
(/app/.texlive/texmf-dist/tex/generic/hyph-utf8/patterns/tex/hyph-fr.tex))
(/app/.texlive/texmf-dist/tex/generic/hyph-utf8/loadhyph/loadhyph-de-1901.tex
EC German hyphenation patterns (traditional orthography)
(/app/.texlive/texmf/tex/generic/hyphen/dehypht.tex
German Traditional Hyphenation Patterns `dehypht' Version 3.2a <1999/03/03>
(Formerly known under the name `ghyph31' and `ghyphen'.)))
(/app/.texlive/texmf-dist/tex/generic/hyph-utf8/loadhyph/loadhyph-de-1996.tex
EC German hyphenation patterns (reformed orthography)
(/app/.texlive/texmf/tex/generic/hyphen/dehyphn.tex
New German Hyphenation Patterns `dehyphn' Rev.31 <2001-05-07> (WaS)))
(/app/.texlive/texmf-dist/tex/generic/hyph-utf8/loadhyph/loadhyph-de-ch-1901.te
x EC Swiss-German hyphenation patterns (traditional orthography)
(/app/.texlive/texmf-dist/tex/generic/hyph-utf8/conversions/conv-utf8-ec.tex)
(/app/.texlive/texmf-dist/tex/generic/hyph-utf8/patterns/tex/hyph-de-ch-1901.te
x
Swiss-German Hyphenation Patterns (Traditional Orthography) `dehyphts-x' 2012-0
5-30 (WL)))
(/app/.texlive/texmf-dist/tex/generic/hyph-utf8/loadhyph/loadhyph-hu.tex
EC Hungarian hyphenation patterns (v20110815)
(/app/.texlive/texmf-dist/tex/generic/hyph-utf8/conversions/conv-utf8-ec.tex)
(/app/.texlive/texmf-dist/tex/generic/hyph-utf8/patterns/tex/hyph-hu.tex
Huhyphn - hungarian hyphenation patterns v20110815))
(/app/.texlive/texmf-dist/tex/generic/hyph-utf8/loadhyph/loadhyph-it.tex
ASCII Italian hyphenation patterns
(/app/.texlive/texmf-dist/tex/generic/hyph-utf8/patterns/tex/hyph-it.tex))
(/app/.texlive/texmf-dist/tex/generic/hyph-utf8/loadhyph/loadhyph-nb.tex
EC Norwegian Bokmal hyphenation patterns
(/app/.texlive/texmf-dist/tex/generic/hyph-utf8/conversions/conv-utf8-ec.tex)
(/app/.texlive/texmf-dist/tex/generic/hyph-utf8/patterns/tex/hyph-nb.tex
(/app/.texlive/texmf-dist/tex/generic/hyph-utf8/patterns/tex/hyph-no.tex)))
(/app/.texlive/texmf-dist/tex/generic/hyph-utf8/loadhyph/loadhyph-nb.tex
EC Norwegian Bokmal hyphenation patterns
(/app/.texlive/texmf-dist/tex/generic/hyph-utf8/conversions/conv-utf8-ec.tex)
(/app/.texlive/texmf-dist/tex/generic/hyph-utf8/patterns/tex/hyph-nb.tex
(/app/.texlive/texmf-dist/tex/generic/hyph-utf8/patterns/tex/hyph-no.tex)))
(/app/.texlive/texmf-dist/tex/generic/hyph-utf8/loadhyph/loadhyph-nb.tex
EC Norwegian Bokmal hyphenation patterns
(/app/.texlive/texmf-dist/tex/generic/hyph-utf8/conversions/conv-utf8-ec.tex)
(/app/.texlive/texmf-dist/tex/generic/hyph-utf8/patterns/tex/hyph-nb.tex
(/app/.texlive/texmf-dist/tex/generic/hyph-utf8/patterns/tex/hyph-no.tex)))
(/app/.texlive/texmf-dist/tex/generic/hyph-utf8/loadhyph/loadhyph-nn.tex
EC Norwegian Nynorsk hyphenation patterns
(/app/.texlive/texmf-dist/tex/generic/hyph-utf8/conversions/conv-utf8-ec.tex)
(/app/.texlive/texmf-dist/tex/generic/hyph-utf8/patterns/tex/hyph-nn.tex
(/app/.texlive/texmf-dist/tex/generic/hyph-utf8/patterns/tex/hyph-no.tex)))
(/app/.texlive/texmf-dist/tex/generic/hyph-utf8/loadhyph/loadhyph-pl.tex
QX Polish hyphenation patterns
(/app/.texlive/texmf-dist/tex/generic/hyph-utf8/conversions/conv-utf8-qx.tex)
(/app/.texlive/texmf-dist/tex/generic/hyph-utf8/patterns/tex/hyph-pl.tex))
(/app/.texlive/texmf-dist/tex/generic/hyph-utf8/loadhyph/loadhyph-pt.tex
EC Portuguese hyphenation patterns
(/app/.texlive/texmf-dist/tex/generic/hyph-utf8/conversions/conv-utf8-ec.tex)
(/app/.texlive/texmf-dist/tex/generic/hyph-utf8/patterns/tex/hyph-pt.tex))
(/app/.texlive/texmf-dist/tex/generic/hyph-utf8/loadhyph/loadhyph-pt.tex
EC Portuguese hyphenation patterns
(/app/.texlive/texmf-dist/tex/generic/hyph-utf8/conversions/conv-utf8-ec.tex)
(/app/.texlive/texmf-dist/tex/generic/hyph-utf8/patterns/tex/hyph-pt.tex))
(/app/.texlive/texmf-dist/tex/generic/hyph-utf8/loadhyph/loadhyph-es.tex
EC Spanish hyphenation patterns
(/app/.texlive/texmf-dist/tex/generic/hyph-utf8/conversions/conv-utf8-ec.tex)
(/app/.texlive/texmf-dist/tex/generic/hyph-utf8/patterns/tex/hyph-es.tex))
(/app/.texlive/texmf-dist/tex/generic/hyph-utf8/loadhyph/loadhyph-es.tex
EC Spanish hyphenation patterns
(/app/.texlive/texmf-dist/tex/generic/hyph-utf8/conversions/conv-utf8-ec.tex)
(/app/.texlive/texmf-dist/tex/generic/hyph-utf8/patterns/tex/hyph-es.tex))
(/app/.texlive/texmf-dist/tex/generic/hyph-utf8/loadhyph/loadhyph-sv.tex
EC Swedish hyphenation patterns (Jan Michael Rynning, 1994-03-03)
(/app/.texlive/texmf-dist/tex/generic/hyph-utf8/conversions/conv-utf8-ec.tex)
(/app/.texlive/texmf-dist/tex/generic/hyph-utf8/patterns/tex/hyph-sv.tex)))
Augmenting the Plain TeX definitions: \tracingall;
Adding new e-TeX definitions: \eTeX, \loggingall, \tracingnone,
register allocation; extended register allocation; 
Recycling: \addlanguage, \@nswer (not defined), \@sk, \b@dresponsetrue,
\b@dresponsefalse, \ch@ckforyn, \mayber@cycle, \et@xabort, \et@xbuf,
\et@xfmtsrc, \et@xfilehdr, \et@xinf, \et@xpatterns, \l@ngdefnfile, \n@xt,
\p@rse (not defined), \pr@mpt (not defined), \pr@mptloop (not defined),
\forcer@cycle, \usef@llback, \usef@llbacktrue, \usef@llbackfalse, 
Retaining: \et@xerr, \et@xinput, \et@xlibhdr, \et@xmsg, \et@xtoks, \et@xwarn,
\et@xl@@d, \et@xl@ad, \et@xload, \et@xlang, \et@xhash, \eTeX, \etexhdrchk,
\etexstatus, \module, \uselanguage, \r@tain, \r@cycle,) )
Beginning to dump on file etex.fmt
 (format=etex 2012.12.23)
3679 strings of total length 60082
8888 memory locations dumped; current usage is 203&8218
1334 multiletter control sequences
\font\nullfont=nullfont
\font\tenrm=cmr10
\font\preloaded=cmr9
\font\preloaded=cmr8
\font\sevenrm=cmr7
\font\preloaded=cmr6
\font\fiverm=cmr5
\font\teni=cmmi10
\font\preloaded=cmmi9
\font\preloaded=cmmi8
\font\seveni=cmmi7
\font\preloaded=cmmi6
\font\fivei=cmmi5
\font\tensy=cmsy10
\font\preloaded=cmsy9
\font\preloaded=cmsy8
\font\sevensy=cmsy7
\font\preloaded=cmsy6
\font\fivesy=cmsy5
\font\tenex=cmex10
\font\preloaded=cmss10
\font\preloaded=cmssq8
\font\preloaded=cmssi10
\font\preloaded=cmssqi8
\font\tenbf=cmbx10
\font\preloaded=cmbx9
\font\preloaded=cmbx8
\font\sevenbf=cmbx7
\font\preloaded=cmbx6
\font\fivebf=cmbx5
\font\tentt=cmtt10
\font\preloaded=cmtt9
\font\preloaded=cmtt8
\font\preloaded=cmsltt10
\font\tensl=cmsl10
\font\preloaded=cmsl9
\font\preloaded=cmsl8
\font\tenit=cmti10
\font\preloaded=cmti9
\font\preloaded=cmti8
\font\preloaded=cmti7
\font\preloaded=cmu10
\font\preloaded=cmmib10
\font\preloaded=cmbsy10
\font\preloaded=cmcsc10
\font\preloaded=cmssbx10
\font\preloaded=cmdunh10
\font\preloaded=cmr7 at 14.51799pt
\font\preloaded=cmtt10 at 14.4pt
\font\preloaded=cmssbx10 at 14.4pt
\font\preloaded=manfnt
14787 words of font info for 50 preloaded fonts
548 hyphenation exceptions
Hyphenation trie of length 192273 has 6961 ops out of 35111
  127 for language 26
  165 for language 25
  165 for language 24
  7 for language 23
  7 for language 22
  194 for language 21
  852 for language 20
  852 for language 19
  852 for language 18
  852 for language 17
  37 for language 16
  185 for language 15
  369 for language 14
  235 for language 13
  207 for language 12
  88 for language 11
  88 for language 10
  88 for language 9
  31 for language 8
  377 for language 7
  224 for language 6
  224 for language 5
  224 for language 4
  265 for language 3
  60 for language 2
  5 for language 1
  181 for language 0
0 words of pdfTeX memory
0 indirect objects
No pages of output.
Transcript written on etex.log.
fmtutil: /app/.texlive/texmf-var/web2c/pdftex/etex.fmt installed.
fmtutil: running `pdftex -ini   -jobname=pdfetex -progname=pdfetex -translate-file=cp227.tcx *pdfetex.ini' ...
This is pdfTeX, Version 3.1415926-2.4-1.40.13 (TeX Live 2012) (INITEX)
 restricted \write18 enabled.
 (/app/.texlive/texmf/web2c/cp227.tcx)
entering extended mode
(/app/.texlive/texmf-dist/tex/plain/config/pdfetex.ini
(/app/.texlive/texmf/tex/generic/config/pdftexconfig.tex)
(/app/.texlive/texmf-dist/tex/plain/etex/etex.src
(/app/.texlive/texmf-dist/tex/plain/base/plain.tex
Preloading the plain format: codes, registers, parameters, fonts, more fonts,
macros, math definitions, output routines, hyphenation
(/app/.texlive/texmf/tex/generic/hyphen/hyphen.tex
[skipping from \patterns to end-of-file...]))
(/app/.texlive/texmf-dist/tex/plain/etex/etexdefs.lib
Skipping module "grouptypes"; Loading module "interactionmodes";
Skipping module "nodetypes"; Skipping module "iftypes";)
(/app/.texlive/texmf-var/tex/generic/config/language.def
(/app/.texlive/texmf/tex/generic/hyphen/hyphen.tex)
(/app/.texlive/texmf-dist/tex/generic/hyph-utf8/loadhyph/loadhyph-eu.tex
EC Basque hyphenation patterns
(/app/.texlive/texmf-dist/tex/generic/hyph-utf8/conversions/conv-utf8-ec.tex)
(/app/.texlive/texmf-dist/tex/generic/hyph-utf8/patterns/tex/hyph-eu.tex))
(/app/.texlive/texmf-dist/tex/generic/hyph-utf8/loadhyph/loadhyph-da.tex
EC Danish hyphenation patterns
(/app/.texlive/texmf-dist/tex/generic/hyph-utf8/conversions/conv-utf8-ec.tex)
(/app/.texlive/texmf-dist/tex/generic/hyph-utf8/patterns/tex/hyph-da.tex))
(/app/.texlive/texmf-dist/tex/generic/hyph-utf8/loadhyph/loadhyph-nl.tex
EC Dutch hyphenation patterns
(/app/.texlive/texmf-dist/tex/generic/hyph-utf8/conversions/conv-utf8-ec.tex)
(/app/.texlive/texmf-dist/tex/generic/hyph-utf8/patterns/tex/hyph-nl.tex))
(/app/.texlive/texmf-dist/tex/generic/hyph-utf8/loadhyph/loadhyph-en-gb.tex
ASCII Hyphenation patterns for British English
(/app/.texlive/texmf-dist/tex/generic/hyph-utf8/patterns/tex/hyph-en-gb.tex))
(/app/.texlive/texmf-dist/tex/generic/hyph-utf8/loadhyph/loadhyph-en-gb.tex
ASCII Hyphenation patterns for British English
(/app/.texlive/texmf-dist/tex/generic/hyph-utf8/patterns/tex/hyph-en-gb.tex))
(/app/.texlive/texmf-dist/tex/generic/hyph-utf8/loadhyph/loadhyph-en-gb.tex
ASCII Hyphenation patterns for British English
(/app/.texlive/texmf-dist/tex/generic/hyph-utf8/patterns/tex/hyph-en-gb.tex))
(/app/.texlive/texmf-dist/tex/generic/hyph-utf8/loadhyph/loadhyph-en-us.tex
ASCII Hyphenation patterns for American English
(/app/.texlive/texmf-dist/tex/generic/hyph-utf8/patterns/tex/hyph-en-us.tex))
(/app/.texlive/texmf-dist/tex/generic/hyph-utf8/loadhyph/loadhyph-fi.tex
EC Finnish hyphenation patterns
(/app/.texlive/texmf-dist/tex/generic/hyph-utf8/conversions/conv-utf8-ec.tex)
(/app/.texlive/texmf-dist/tex/generic/hyph-utf8/patterns/tex/hyph-fi.tex))
(/app/.texlive/texmf-dist/tex/generic/hyph-utf8/loadhyph/loadhyph-fr.tex
EC French hyphenation patterns (V2.12, 2002/12/11)
(/app/.texlive/texmf-dist/tex/generic/hyph-utf8/conversions/conv-utf8-ec.tex)
(/app/.texlive/texmf-dist/tex/generic/hyph-utf8/patterns/tex/hyph-fr.tex))
(/app/.texlive/texmf-dist/tex/generic/hyph-utf8/loadhyph/loadhyph-fr.tex
EC French hyphenation patterns (V2.12, 2002/12/11)
(/app/.texlive/texmf-dist/tex/generic/hyph-utf8/conversions/conv-utf8-ec.tex)
(/app/.texlive/texmf-dist/tex/generic/hyph-utf8/patterns/tex/hyph-fr.tex))
(/app/.texlive/texmf-dist/tex/generic/hyph-utf8/loadhyph/loadhyph-fr.tex
EC French hyphenation patterns (V2.12, 2002/12/11)
(/app/.texlive/texmf-dist/tex/generic/hyph-utf8/conversions/conv-utf8-ec.tex)
(/app/.texlive/texmf-dist/tex/generic/hyph-utf8/patterns/tex/hyph-fr.tex))
(/app/.texlive/texmf-dist/tex/generic/hyph-utf8/loadhyph/loadhyph-de-1901.tex
EC German hyphenation patterns (traditional orthography)
(/app/.texlive/texmf/tex/generic/hyphen/dehypht.tex
German Traditional Hyphenation Patterns `dehypht' Version 3.2a <1999/03/03>
(Formerly known under the name `ghyph31' and `ghyphen'.)))
(/app/.texlive/texmf-dist/tex/generic/hyph-utf8/loadhyph/loadhyph-de-1996.tex
EC German hyphenation patterns (reformed orthography)
(/app/.texlive/texmf/tex/generic/hyphen/dehyphn.tex
New German Hyphenation Patterns `dehyphn' Rev.31 <2001-05-07> (WaS)))
(/app/.texlive/texmf-dist/tex/generic/hyph-utf8/loadhyph/loadhyph-de-ch-1901.te
x EC Swiss-German hyphenation patterns (traditional orthography)
(/app/.texlive/texmf-dist/tex/generic/hyph-utf8/conversions/conv-utf8-ec.tex)
(/app/.texlive/texmf-dist/tex/generic/hyph-utf8/patterns/tex/hyph-de-ch-1901.te
x
Swiss-German Hyphenation Patterns (Traditional Orthography) `dehyphts-x' 2012-0
5-30 (WL)))
(/app/.texlive/texmf-dist/tex/generic/hyph-utf8/loadhyph/loadhyph-hu.tex
EC Hungarian hyphenation patterns (v20110815)
(/app/.texlive/texmf-dist/tex/generic/hyph-utf8/conversions/conv-utf8-ec.tex)
(/app/.texlive/texmf-dist/tex/generic/hyph-utf8/patterns/tex/hyph-hu.tex
Huhyphn - hungarian hyphenation patterns v20110815))
(/app/.texlive/texmf-dist/tex/generic/hyph-utf8/loadhyph/loadhyph-it.tex
ASCII Italian hyphenation patterns
(/app/.texlive/texmf-dist/tex/generic/hyph-utf8/patterns/tex/hyph-it.tex))
(/app/.texlive/texmf-dist/tex/generic/hyph-utf8/loadhyph/loadhyph-nb.tex
EC Norwegian Bokmal hyphenation patterns
(/app/.texlive/texmf-dist/tex/generic/hyph-utf8/conversions/conv-utf8-ec.tex)
(/app/.texlive/texmf-dist/tex/generic/hyph-utf8/patterns/tex/hyph-nb.tex
(/app/.texlive/texmf-dist/tex/generic/hyph-utf8/patterns/tex/hyph-no.tex)))
(/app/.texlive/texmf-dist/tex/generic/hyph-utf8/loadhyph/loadhyph-nb.tex
EC Norwegian Bokmal hyphenation patterns
(/app/.texlive/texmf-dist/tex/generic/hyph-utf8/conversions/conv-utf8-ec.tex)
(/app/.texlive/texmf-dist/tex/generic/hyph-utf8/patterns/tex/hyph-nb.tex
(/app/.texlive/texmf-dist/tex/generic/hyph-utf8/patterns/tex/hyph-no.tex)))
(/app/.texlive/texmf-dist/tex/generic/hyph-utf8/loadhyph/loadhyph-nb.tex
EC Norwegian Bokmal hyphenation patterns
(/app/.texlive/texmf-dist/tex/generic/hyph-utf8/conversions/conv-utf8-ec.tex)
(/app/.texlive/texmf-dist/tex/generic/hyph-utf8/patterns/tex/hyph-nb.tex
(/app/.texlive/texmf-dist/tex/generic/hyph-utf8/patterns/tex/hyph-no.tex)))
(/app/.texlive/texmf-dist/tex/generic/hyph-utf8/loadhyph/loadhyph-nn.tex
EC Norwegian Nynorsk hyphenation patterns
(/app/.texlive/texmf-dist/tex/generic/hyph-utf8/conversions/conv-utf8-ec.tex)
(/app/.texlive/texmf-dist/tex/generic/hyph-utf8/patterns/tex/hyph-nn.tex
(/app/.texlive/texmf-dist/tex/generic/hyph-utf8/patterns/tex/hyph-no.tex)))
(/app/.texlive/texmf-dist/tex/generic/hyph-utf8/loadhyph/loadhyph-pl.tex
QX Polish hyphenation patterns
(/app/.texlive/texmf-dist/tex/generic/hyph-utf8/conversions/conv-utf8-qx.tex)
(/app/.texlive/texmf-dist/tex/generic/hyph-utf8/patterns/tex/hyph-pl.tex))
(/app/.texlive/texmf-dist/tex/generic/hyph-utf8/loadhyph/loadhyph-pt.tex
EC Portuguese hyphenation patterns
(/app/.texlive/texmf-dist/tex/generic/hyph-utf8/conversions/conv-utf8-ec.tex)
(/app/.texlive/texmf-dist/tex/generic/hyph-utf8/patterns/tex/hyph-pt.tex))
(/app/.texlive/texmf-dist/tex/generic/hyph-utf8/loadhyph/loadhyph-pt.tex
EC Portuguese hyphenation patterns
(/app/.texlive/texmf-dist/tex/generic/hyph-utf8/conversions/conv-utf8-ec.tex)
(/app/.texlive/texmf-dist/tex/generic/hyph-utf8/patterns/tex/hyph-pt.tex))
(/app/.texlive/texmf-dist/tex/generic/hyph-utf8/loadhyph/loadhyph-es.tex
EC Spanish hyphenation patterns
(/app/.texlive/texmf-dist/tex/generic/hyph-utf8/conversions/conv-utf8-ec.tex)
(/app/.texlive/texmf-dist/tex/generic/hyph-utf8/patterns/tex/hyph-es.tex))
(/app/.texlive/texmf-dist/tex/generic/hyph-utf8/loadhyph/loadhyph-es.tex
EC Spanish hyphenation patterns
(/app/.texlive/texmf-dist/tex/generic/hyph-utf8/conversions/conv-utf8-ec.tex)
(/app/.texlive/texmf-dist/tex/generic/hyph-utf8/patterns/tex/hyph-es.tex))
(/app/.texlive/texmf-dist/tex/generic/hyph-utf8/loadhyph/loadhyph-sv.tex
EC Swedish hyphenation patterns (Jan Michael Rynning, 1994-03-03)
(/app/.texlive/texmf-dist/tex/generic/hyph-utf8/conversions/conv-utf8-ec.tex)
(/app/.texlive/texmf-dist/tex/generic/hyph-utf8/patterns/tex/hyph-sv.tex)))
Augmenting the Plain TeX definitions: \tracingall;
Adding new e-TeX definitions: \eTeX, \loggingall, \tracingnone,
register allocation; extended register allocation; 
Recycling: \addlanguage, \@nswer (not defined), \@sk, \b@dresponsetrue,
\b@dresponsefalse, \ch@ckforyn, \mayber@cycle, \et@xabort, \et@xbuf,
\et@xfmtsrc, \et@xfilehdr, \et@xinf, \et@xpatterns, \l@ngdefnfile, \n@xt,
\p@rse (not defined), \pr@mpt (not defined), \pr@mptloop (not defined),
\forcer@cycle, \usef@llback, \usef@llbacktrue, \usef@llbackfalse, 
Retaining: \et@xerr, \et@xinput, \et@xlibhdr, \et@xmsg, \et@xtoks, \et@xwarn,
\et@xl@@d, \et@xl@ad, \et@xload, \et@xlang, \et@xhash, \eTeX, \etexhdrchk,
\etexstatus, \module, \uselanguage, \r@tain, \r@cycle,)
(/app/.texlive/texmf-dist/tex/plain/config/pdftexmagfix.tex) )
Beginning to dump on file pdfetex.fmt
 (format=pdfetex 2012.12.23)
3689 strings of total length 60422
8888 memory locations dumped; current usage is 203&8249
1336 multiletter control sequences
\font\nullfont=nullfont
\font\tenrm=cmr10
\font\preloaded=cmr9
\font\preloaded=cmr8
\font\sevenrm=cmr7
\font\preloaded=cmr6
\font\fiverm=cmr5
\font\teni=cmmi10
\font\preloaded=cmmi9
\font\preloaded=cmmi8
\font\seveni=cmmi7
\font\preloaded=cmmi6
\font\fivei=cmmi5
\font\tensy=cmsy10
\font\preloaded=cmsy9
\font\preloaded=cmsy8
\font\sevensy=cmsy7
\font\preloaded=cmsy6
\font\fivesy=cmsy5
\font\tenex=cmex10
\font\preloaded=cmss10
\font\preloaded=cmssq8
\font\preloaded=cmssi10
\font\preloaded=cmssqi8
\font\tenbf=cmbx10
\font\preloaded=cmbx9
\font\preloaded=cmbx8
\font\sevenbf=cmbx7
\font\preloaded=cmbx6
\font\fivebf=cmbx5
\font\tentt=cmtt10
\font\preloaded=cmtt9
\font\preloaded=cmtt8
\font\preloaded=cmsltt10
\font\tensl=cmsl10
\font\preloaded=cmsl9
\font\preloaded=cmsl8
\font\tenit=cmti10
\font\preloaded=cmti9
\font\preloaded=cmti8
\font\preloaded=cmti7
\font\preloaded=cmu10
\font\preloaded=cmmib10
\font\preloaded=cmbsy10
\font\preloaded=cmcsc10
\font\preloaded=cmssbx10
\font\preloaded=cmdunh10
\font\preloaded=cmr7 at 14.51799pt
\font\preloaded=cmtt10 at 14.4pt
\font\preloaded=cmssbx10 at 14.4pt
\font\preloaded=manfnt
14787 words of font info for 50 preloaded fonts
548 hyphenation exceptions
Hyphenation trie of length 192273 has 6961 ops out of 35111
  127 for language 26
  165 for language 25
  165 for language 24
  7 for language 23
  7 for language 22
  194 for language 21
  852 for language 20
  852 for language 19
  852 for language 18
  852 for language 17
  37 for language 16
  185 for language 15
  369 for language 14
  235 for language 13
  207 for language 12
  88 for language 11
  88 for language 10
  88 for language 9
  31 for language 8
  377 for language 7
  224 for language 6
  224 for language 5
  224 for language 4
  265 for language 3
  60 for language 2
  5 for language 1
  181 for language 0
0 words of pdfTeX memory
0 indirect objects
No pages of output.
Transcript written on pdfetex.log.
fmtutil: /app/.texlive/texmf-var/web2c/pdftex/pdfetex.fmt installed.
fmtutil: running `tex -ini   -jobname=tex -progname=tex tex.ini' ...
This is TeX, Version 3.1415926 (TeX Live 2012) (INITEX)
(/app/.texlive/texmf-dist/tex/plain/config/tex.ini
(/app/.texlive/texmf-dist/tex/plain/base/plain.tex
Preloading the plain format: codes, registers, parameters, fonts, more fonts,
macros, math definitions, output routines, hyphenation
(/app/.texlive/texmf/tex/generic/hyphen/hyphen.tex)) )
Beginning to dump on file tex.fmt
 (format=tex 2012.12.23)
2027 strings of total length 29217
4990 memory locations dumped; current usage is 110&4877
926 multiletter control sequences
\font\nullfont=nullfont
\font\tenrm=cmr10
\font\preloaded=cmr9
\font\preloaded=cmr8
\font\sevenrm=cmr7
\font\preloaded=cmr6
\font\fiverm=cmr5
\font\teni=cmmi10
\font\preloaded=cmmi9
\font\preloaded=cmmi8
\font\seveni=cmmi7
\font\preloaded=cmmi6
\font\fivei=cmmi5
\font\tensy=cmsy10
\font\preloaded=cmsy9
\font\preloaded=cmsy8
\font\sevensy=cmsy7
\font\preloaded=cmsy6
\font\fivesy=cmsy5
\font\tenex=cmex10
\font\preloaded=cmss10
\font\preloaded=cmssq8
\font\preloaded=cmssi10
\font\preloaded=cmssqi8
\font\tenbf=cmbx10
\font\preloaded=cmbx9
\font\preloaded=cmbx8
\font\sevenbf=cmbx7
\font\preloaded=cmbx6
\font\fivebf=cmbx5
\font\tentt=cmtt10
\font\preloaded=cmtt9
\font\preloaded=cmtt8
\font\preloaded=cmsltt10
\font\tensl=cmsl10
\font\preloaded=cmsl9
\font\preloaded=cmsl8
\font\tenit=cmti10
\font\preloaded=cmti9
\font\preloaded=cmti8
\font\preloaded=cmti7
\font\preloaded=cmu10
\font\preloaded=cmmib10
\font\preloaded=cmbsy10
\font\preloaded=cmcsc10
\font\preloaded=cmssbx10
\font\preloaded=cmdunh10
\font\preloaded=cmr7 at 14.51799pt
\font\preloaded=cmtt10 at 14.4pt
\font\preloaded=cmssbx10 at 14.4pt
\font\preloaded=manfnt
14787 words of font info for 50 preloaded fonts
14 hyphenation exceptions
Hyphenation trie of length 6075 has 181 ops out of 35111
  181 for language 0
No pages of output.
Transcript written on tex.log.
fmtutil: /app/.texlive/texmf-var/web2c/tex/tex.fmt installed.
done
running package-specific postactions
postaction install script for dvipdfmx: perl /app/.texlive/tlpkg/tlpostcode/dvipdfmx.pl
finished with package-specific postactions
