This is pdfTeX, Version 3.1415926-2.4-1.40.13 (TeX Live 2012) (INITEX)  23 DEC 2012 01:44
entering extended mode
 restricted \write18 enabled.
 %&-line parsing enabled.
 (/app/.texlive/texmf/web2c/cp227.tcx)
***etex.ini
(/app/.texlive/texmf-dist/tex/plain/config/etex.ini
(/app/.texlive/texmf-dist/tex/plain/etex/etex.src
(/app/.texlive/texmf-dist/tex/plain/base/plain.tex
Preloading the plain format: codes, registers,
\maxdimen=\dimen10
\hideskip=\skip10
\centering=\skip11
\p@=\dimen11
\z@=\dimen12
\z@skip=\skip12
\voidb@x=\box10
 parameters,
\smallskipamount=\skip13
\medskipamount=\skip14
\bigskipamount=\skip15
\normalbaselineskip=\skip16
\normallineskip=\skip17
\normallineskiplimit=\dimen13
\jot=\dimen14
\interdisplaylinepenalty=\count23
\interfootnotelinepenalty=\count24
 fonts, more fonts,
\itfam=\fam4
\slfam=\fam5
\bffam=\fam6
\ttfam=\fam7

macros,
\strutbox=\box11
\mscount=\count25
\tabs=\box12
\tabsyet=\box13
\tabsdone=\box14
 math definitions,
\rootbox=\box15
\p@renwd=\dimen15
 output routines,
\headline=\toks10
\footline=\toks11
\footins=\insert254
\topins=\insert253
 hyphenation
(/app/.texlive/texmf/tex/generic/hyphen/hyphen.tex
[skipping from \patterns to end-of-file...]))
\et@xinput=\read0
\et@xtoks=\toks12

(/app/.texlive/texmf-dist/tex/plain/etex/etexdefs.lib
Skipping module "grouptypes"; Loading module "interactionmodes";
Skipping module "nodetypes"; Skipping module "iftypes";)
(/app/.texlive/texmf-var/tex/generic/config/language.def
\lang@USenglish=\language0

(/app/.texlive/texmf/tex/generic/hyphen/hyphen.tex)
\lang@basque=\language1

(/app/.texlive/texmf-dist/tex/generic/hyph-utf8/loadhyph/loadhyph-eu.tex
EC Basque hyphenation patterns
(/app/.texlive/texmf-dist/tex/generic/hyph-utf8/conversions/conv-utf8-ec.tex)
(/app/.texlive/texmf-dist/tex/generic/hyph-utf8/patterns/tex/hyph-eu.tex))
\lang@danish=\language2

(/app/.texlive/texmf-dist/tex/generic/hyph-utf8/loadhyph/loadhyph-da.tex
EC Danish hyphenation patterns
(/app/.texlive/texmf-dist/tex/generic/hyph-utf8/conversions/conv-utf8-ec.tex)
(/app/.texlive/texmf-dist/tex/generic/hyph-utf8/patterns/tex/hyph-da.tex))
\lang@dutch=\language3

(/app/.texlive/texmf-dist/tex/generic/hyph-utf8/loadhyph/loadhyph-nl.tex
EC Dutch hyphenation patterns
(/app/.texlive/texmf-dist/tex/generic/hyph-utf8/conversions/conv-utf8-ec.tex)
(/app/.texlive/texmf-dist/tex/generic/hyph-utf8/patterns/tex/hyph-nl.tex))
\lang@ukenglish=\language4

(/app/.texlive/texmf-dist/tex/generic/hyph-utf8/loadhyph/loadhyph-en-gb.tex
ASCII Hyphenation patterns for British English
(/app/.texlive/texmf-dist/tex/generic/hyph-utf8/patterns/tex/hyph-en-gb.tex))
\lang@british=\language5

(/app/.texlive/texmf-dist/tex/generic/hyph-utf8/loadhyph/loadhyph-en-gb.tex
ASCII Hyphenation patterns for British English
(/app/.texlive/texmf-dist/tex/generic/hyph-utf8/patterns/tex/hyph-en-gb.tex))
\lang@UKenglish=\language6

(/app/.texlive/texmf-dist/tex/generic/hyph-utf8/loadhyph/loadhyph-en-gb.tex
ASCII Hyphenation patterns for British English
(/app/.texlive/texmf-dist/tex/generic/hyph-utf8/patterns/tex/hyph-en-gb.tex))
\lang@usenglishmax=\language7

(/app/.texlive/texmf-dist/tex/generic/hyph-utf8/loadhyph/loadhyph-en-us.tex
ASCII Hyphenation patterns for American English
(/app/.texlive/texmf-dist/tex/generic/hyph-utf8/patterns/tex/hyph-en-us.tex))
\lang@finnish=\language8

(/app/.texlive/texmf-dist/tex/generic/hyph-utf8/loadhyph/loadhyph-fi.tex
EC Finnish hyphenation patterns
(/app/.texlive/texmf-dist/tex/generic/hyph-utf8/conversions/conv-utf8-ec.tex)
(/app/.texlive/texmf-dist/tex/generic/hyph-utf8/patterns/tex/hyph-fi.tex))
\lang@french=\language9

(/app/.texlive/texmf-dist/tex/generic/hyph-utf8/loadhyph/loadhyph-fr.tex
EC French hyphenation patterns (V2.12, 2002/12/11)
(/app/.texlive/texmf-dist/tex/generic/hyph-utf8/conversions/conv-utf8-ec.tex)
(/app/.texlive/texmf-dist/tex/generic/hyph-utf8/patterns/tex/hyph-fr.tex))
\lang@patois=\language10

(/app/.texlive/texmf-dist/tex/generic/hyph-utf8/loadhyph/loadhyph-fr.tex
EC French hyphenation patterns (V2.12, 2002/12/11)
(/app/.texlive/texmf-dist/tex/generic/hyph-utf8/conversions/conv-utf8-ec.tex)
(/app/.texlive/texmf-dist/tex/generic/hyph-utf8/patterns/tex/hyph-fr.tex))
\lang@francais=\language11

(/app/.texlive/texmf-dist/tex/generic/hyph-utf8/loadhyph/loadhyph-fr.tex
EC French hyphenation patterns (V2.12, 2002/12/11)
(/app/.texlive/texmf-dist/tex/generic/hyph-utf8/conversions/conv-utf8-ec.tex)
(/app/.texlive/texmf-dist/tex/generic/hyph-utf8/patterns/tex/hyph-fr.tex))
\lang@german=\language12

(/app/.texlive/texmf-dist/tex/generic/hyph-utf8/loadhyph/loadhyph-de-1901.tex
EC German hyphenation patterns (traditional orthography)
(/app/.texlive/texmf/tex/generic/hyphen/dehypht.tex
German Traditional Hyphenation Patterns `dehypht' Version 3.2a <1999/03/03>
(Formerly known under the name `ghyph31' and `ghyphen'.)))
\lang@ngerman=\language13

(/app/.texlive/texmf-dist/tex/generic/hyph-utf8/loadhyph/loadhyph-de-1996.tex
EC German hyphenation patterns (reformed orthography)
(/app/.texlive/texmf/tex/generic/hyphen/dehyphn.tex
New German Hyphenation Patterns `dehyphn' Rev.31 <2001-05-07> (WaS)))
\lang@swissgerman=\language14

(/app/.texlive/texmf-dist/tex/generic/hyph-utf8/loadhyph/loadhyph-de-ch-1901.te
x EC Swiss-German hyphenation patterns (traditional orthography)
(/app/.texlive/texmf-dist/tex/generic/hyph-utf8/conversions/conv-utf8-ec.tex)
(/app/.texlive/texmf-dist/tex/generic/hyph-utf8/patterns/tex/hyph-de-ch-1901.te
x
Swiss-German Hyphenation Patterns (Traditional Orthography) `dehyphts-x' 2012-0
5-30 (WL)))
\lang@hungarian=\language15

(/app/.texlive/texmf-dist/tex/generic/hyph-utf8/loadhyph/loadhyph-hu.tex
EC Hungarian hyphenation patterns (v20110815)
(/app/.texlive/texmf-dist/tex/generic/hyph-utf8/conversions/conv-utf8-ec.tex)
(/app/.texlive/texmf-dist/tex/generic/hyph-utf8/patterns/tex/hyph-hu.tex
Huhyphn - hungarian hyphenation patterns v20110815))
\lang@italian=\language16

(/app/.texlive/texmf-dist/tex/generic/hyph-utf8/loadhyph/loadhyph-it.tex
ASCII Italian hyphenation patterns
(/app/.texlive/texmf-dist/tex/generic/hyph-utf8/patterns/tex/hyph-it.tex))
\lang@bokmal=\language17

(/app/.texlive/texmf-dist/tex/generic/hyph-utf8/loadhyph/loadhyph-nb.tex
EC Norwegian Bokmal hyphenation patterns
(/app/.texlive/texmf-dist/tex/generic/hyph-utf8/conversions/conv-utf8-ec.tex)
(/app/.texlive/texmf-dist/tex/generic/hyph-utf8/patterns/tex/hyph-nb.tex
(/app/.texlive/texmf-dist/tex/generic/hyph-utf8/patterns/tex/hyph-no.tex)))
\lang@norwegian=\language18

(/app/.texlive/texmf-dist/tex/generic/hyph-utf8/loadhyph/loadhyph-nb.tex
EC Norwegian Bokmal hyphenation patterns
(/app/.texlive/texmf-dist/tex/generic/hyph-utf8/conversions/conv-utf8-ec.tex)
(/app/.texlive/texmf-dist/tex/generic/hyph-utf8/patterns/tex/hyph-nb.tex
(/app/.texlive/texmf-dist/tex/generic/hyph-utf8/patterns/tex/hyph-no.tex)))
\lang@norsk=\language19

(/app/.texlive/texmf-dist/tex/generic/hyph-utf8/loadhyph/loadhyph-nb.tex
EC Norwegian Bokmal hyphenation patterns
(/app/.texlive/texmf-dist/tex/generic/hyph-utf8/conversions/conv-utf8-ec.tex)
(/app/.texlive/texmf-dist/tex/generic/hyph-utf8/patterns/tex/hyph-nb.tex
(/app/.texlive/texmf-dist/tex/generic/hyph-utf8/patterns/tex/hyph-no.tex)))
\lang@nynorsk=\language20

(/app/.texlive/texmf-dist/tex/generic/hyph-utf8/loadhyph/loadhyph-nn.tex
EC Norwegian Nynorsk hyphenation patterns
(/app/.texlive/texmf-dist/tex/generic/hyph-utf8/conversions/conv-utf8-ec.tex)
(/app/.texlive/texmf-dist/tex/generic/hyph-utf8/patterns/tex/hyph-nn.tex
(/app/.texlive/texmf-dist/tex/generic/hyph-utf8/patterns/tex/hyph-no.tex)))
\lang@polish=\language21

(/app/.texlive/texmf-dist/tex/generic/hyph-utf8/loadhyph/loadhyph-pl.tex
QX Polish hyphenation patterns
(/app/.texlive/texmf-dist/tex/generic/hyph-utf8/conversions/conv-utf8-qx.tex)
(/app/.texlive/texmf-dist/tex/generic/hyph-utf8/patterns/tex/hyph-pl.tex))
\lang@portuguese=\language22

(/app/.texlive/texmf-dist/tex/generic/hyph-utf8/loadhyph/loadhyph-pt.tex
EC Portuguese hyphenation patterns
(/app/.texlive/texmf-dist/tex/generic/hyph-utf8/conversions/conv-utf8-ec.tex)
(/app/.texlive/texmf-dist/tex/generic/hyph-utf8/patterns/tex/hyph-pt.tex))
\lang@portuges=\language23

(/app/.texlive/texmf-dist/tex/generic/hyph-utf8/loadhyph/loadhyph-pt.tex
EC Portuguese hyphenation patterns
(/app/.texlive/texmf-dist/tex/generic/hyph-utf8/conversions/conv-utf8-ec.tex)
(/app/.texlive/texmf-dist/tex/generic/hyph-utf8/patterns/tex/hyph-pt.tex))
\lang@spanish=\language24

(/app/.texlive/texmf-dist/tex/generic/hyph-utf8/loadhyph/loadhyph-es.tex
EC Spanish hyphenation patterns
(/app/.texlive/texmf-dist/tex/generic/hyph-utf8/conversions/conv-utf8-ec.tex)
(/app/.texlive/texmf-dist/tex/generic/hyph-utf8/patterns/tex/hyph-es.tex))
\lang@espanol=\language25

(/app/.texlive/texmf-dist/tex/generic/hyph-utf8/loadhyph/loadhyph-es.tex
EC Spanish hyphenation patterns
(/app/.texlive/texmf-dist/tex/generic/hyph-utf8/conversions/conv-utf8-ec.tex)
(/app/.texlive/texmf-dist/tex/generic/hyph-utf8/patterns/tex/hyph-es.tex))
\lang@swedish=\language26

(/app/.texlive/texmf-dist/tex/generic/hyph-utf8/loadhyph/loadhyph-sv.tex
EC Swedish hyphenation patterns (Jan Michael Rynning, 1994-03-03)
(/app/.texlive/texmf-dist/tex/generic/hyph-utf8/conversions/conv-utf8-ec.tex)
(/app/.texlive/texmf-dist/tex/generic/hyph-utf8/patterns/tex/hyph-sv.tex)))
Augmenting the Plain TeX definitions: \tracingall;
Adding new e-TeX definitions: \eTeX, \loggingall, \tracingnone,
register allocation;
\et@xins=\count26
 extended register allocation; 
Recycling: \addlanguage, \@nswer (not defined), \@sk, \b@dresponsetrue,
\b@dresponsefalse, \ch@ckforyn, \mayber@cycle, \et@xabort, \et@xbuf,
\et@xfmtsrc, \et@xfilehdr, \et@xinf, \et@xpatterns, \l@ngdefnfile, \n@xt,
\p@rse (not defined), \pr@mpt (not defined), \pr@mptloop (not defined),
\forcer@cycle, \usef@llback, \usef@llbacktrue, \usef@llbackfalse, 
Retaining: \et@xerr, \et@xinput, \et@xlibhdr, \et@xmsg, \et@xtoks, \et@xwarn,
\et@xl@@d, \et@xl@ad, \et@xload, \et@xlang, \et@xhash, \eTeX, \etexhdrchk,
\etexstatus, \module, \uselanguage, \r@tain, \r@cycle,) )
Beginning to dump on file etex.fmt
 (format=etex 2012.12.23)
3679 strings of total length 60082
8888 memory locations dumped; current usage is 203&8218
1334 multiletter control sequences
\font\nullfont=nullfont
\font\tenrm=cmr10
\font\preloaded=cmr9
\font\preloaded=cmr8
\font\sevenrm=cmr7
\font\preloaded=cmr6
\font\fiverm=cmr5
\font\teni=cmmi10
\font\preloaded=cmmi9
\font\preloaded=cmmi8
\font\seveni=cmmi7
\font\preloaded=cmmi6
\font\fivei=cmmi5
\font\tensy=cmsy10
\font\preloaded=cmsy9
\font\preloaded=cmsy8
\font\sevensy=cmsy7
\font\preloaded=cmsy6
\font\fivesy=cmsy5
\font\tenex=cmex10
\font\preloaded=cmss10
\font\preloaded=cmssq8
\font\preloaded=cmssi10
\font\preloaded=cmssqi8
\font\tenbf=cmbx10
\font\preloaded=cmbx9
\font\preloaded=cmbx8
\font\sevenbf=cmbx7
\font\preloaded=cmbx6
\font\fivebf=cmbx5
\font\tentt=cmtt10
\font\preloaded=cmtt9
\font\preloaded=cmtt8
\font\preloaded=cmsltt10
\font\tensl=cmsl10
\font\preloaded=cmsl9
\font\preloaded=cmsl8
\font\tenit=cmti10
\font\preloaded=cmti9
\font\preloaded=cmti8
\font\preloaded=cmti7
\font\preloaded=cmu10
\font\preloaded=cmmib10
\font\preloaded=cmbsy10
\font\preloaded=cmcsc10
\font\preloaded=cmssbx10
\font\preloaded=cmdunh10
\font\preloaded=cmr7 at 14.51799pt
\font\preloaded=cmtt10 at 14.4pt
\font\preloaded=cmssbx10 at 14.4pt
\font\preloaded=manfnt
14787 words of font info for 50 preloaded fonts
548 hyphenation exceptions
Hyphenation trie of length 192273 has 6961 ops out of 35111
  127 for language 26
  165 for language 25
  165 for language 24
  7 for language 23
  7 for language 22
  194 for language 21
  852 for language 20
  852 for language 19
  852 for language 18
  852 for language 17
  37 for language 16
  185 for language 15
  369 for language 14
  235 for language 13
  207 for language 12
  88 for language 11
  88 for language 10
  88 for language 9
  31 for language 8
  377 for language 7
  224 for language 6
  224 for language 5
  224 for language 4
  265 for language 3
  60 for language 2
  5 for language 1
  181 for language 0
0 words of pdfTeX memory
0 indirect objects
No pages of output.
