updmap (TeX Live, multi) version $Id: updmap.pl 27264 2012-07-31 05:10:29Z preining $
Sun Dec 23 01:44:07 2012

Using the following config files:
  /app/.texlive/texmf/web2c/updmap.cfg
  /app/.texlive/texmf-dist/web2c/updmap.cfg

updmap is creating new map files
using the following configuration:
  LW35 font names                  : URWkb (/app/.texlive/texmf/web2c/updmap.cfg)
  prefer outlines                  : true (/app/.texlive/texmf/web2c/updmap.cfg)
  texhash enabled                  : false
  download standard fonts (dvips)  : true (/app/.texlive/texmf/web2c/updmap.cfg)
  download standard fonts (pdftex) : true (/app/.texlive/texmf/web2c/updmap.cfg)
  kanjiEmbed replacement string    : noEmbed (/app/.texlive/texmf/web2c/updmap.cfg)
  kanjiVariant replacement string  :  (default)
  create a mapfile for pxdvi       : false (default)

Scanning for LW35 support files

/app/.texlive/texmf/fonts/map/dvips/tetex/dvips35.map
/app/.texlive/texmf/fonts/map/dvips/tetex/pdftex35.map
/app/.texlive/texmf/fonts/map/dvips/tetex/ps2pk35.map

  [  3 files]

Scanning for MixedMap entries
/app/.texlive/texmf-dist/fonts/map/dvips/amsfonts/cm.map
/app/.texlive/texmf-dist/fonts/map/dvips/amsfonts/cmextra.map
/app/.texlive/texmf-dist/fonts/map/dvips/cm/cmtext-bsr-interpolated.map
/app/.texlive/texmf-dist/fonts/map/dvips/amsfonts/cyrillic.map
/app/.texlive/texmf-dist/fonts/map/dvips/amsfonts/latxfont.map
/app/.texlive/texmf-dist/fonts/map/dvips/mflogo/mflogo.map
/app/.texlive/texmf-dist/fonts/map/dvips/amsfonts/symbols.map
/app/.texlive/texmf-dist/fonts/map/dvips/tipa/tipa.map

    [  8 files]

Scanning for KanjiMap entries

    [  0 files]

Scanning for Map entries
/app/.texlive/texmf-dist/fonts/map/dvips/psnfss/charter.map
/app/.texlive/texmf-dist/fonts/map/dvips/amsfonts/euler.map
/app/.texlive/texmf-dist/fonts/map/dvips/psnfss/fpls.map
/app/.texlive/texmf/fonts/map/dvips/tetex/mathpple.map
/app/.texlive/texmf-dist/fonts/map/dvips/psnfss/pazo.map
/app/.texlive/texmf-dist/fonts/map/dvips/psnfss/utopia.map

         [  6 files]



/app/.texlive/texmf/fonts/map/dvips/tetex/ps2pk35.map:
cob
cobo
com
coo
hv
hvb
hvbo
hvo
pagd8r
pagd8y
pagd8z
pagdo8r
pagdo8y
pagdo8z
pagk8r
pagk8y
pagk8z
pagko8r
pagko8y
pagko8z
pbkd8r
pbkd8y
pbkd8z
pbkdi8r
pbkdi8y
pbkdi8z
pbkdo8r
pbkdo8y
pbkl8r
pbkl8y
pbkl8z
pbkli8r
pbkli8y
pbkli8z
pbklo8r
pbklo8y
pcrb8r
pcrb8u
pcrb8y
pcrbo8r
pcrbo8u
pcrbo8y
pcrr8r
pcrr8rn
pcrr8u
pcrr8y
pcrro8r
pcrro8u
pcrro8y
phvb8r
phvb8rn
phvb8y
phvb8yn
phvb8z
phvbn8z
phvbo8r
phvbo8rn
phvbo8y
phvbo8yn
phvbo8z
phvbon8z
phvr8r
phvr8rn
phvr8y
phvr8yn
phvr8z
phvrn8z
phvro8r
phvro8rn
phvro8y
phvro8yn
phvro8z
phvron8z
pncb8r
pncb8y
pncb8z
pncbi8r
pncbi8y
pncbi8z
pncbo8r
pncbo8y
pncr8r
pncr8y
pncr8z
pncri8r
pncri8y
pncri8z
pncro8r
pncro8y
pplb8r
pplb8y
pplb8z
pplbi8r
pplbi8y
pplbi8z
pplbo8r
pplbo8y
pplbu8r
pplbu8y
pplr8r
pplr8rn
pplr8y
pplr8yn
pplr8z
pplri8r
pplri8y
pplri8z
pplro8r
pplro8y
pplrr8re
pplrr8ye
pplru8r
pplru8y
psyr
psyro
ptmb8r
ptmb8y
ptmb8z
ptmbi8r
ptmbi8y
ptmbi8z
ptmbo8r
ptmbo8y
ptmr8r
ptmr8rn
ptmr8y
ptmr8yn
ptmr8z
ptmri8r
ptmri8y
ptmri8z
ptmro8r
ptmro8y
ptmrr8re
ptmrr8ye
pzcmi8r
pzcmi8y
pzcmi8z
pzdr
rpagd
rpagdo
rpagk
rpagko
rpbkd
rpbkdi
rpbkl
rpbkli
rpcrb
rpcrbo
rpcrr
rpcrro
rphvb
rphvbo
rphvbon
rphvbrn
rphvr
rphvro
rphvron
rphvrrn
rpncb
rpncbi
rpncr
rpncri
rpplb
rpplbi
rpplbu
rpplr
rpplri
rpplro
rpplrre
rpplrrn
rpplru
rpsyr
rpsyro
rptmb
rptmbi
rptmbo
rptmr
rptmri
rptmro
rptmrre
rptmrrn
rpxpplb
rpxpplbi
rpxpplbo
rpxpplr
rpxpplri
rpxpplro
rpzcmi
rpzdr
rtxphvb
rtxphvbo
rtxphvr
rtxphvro
rtxptmb
rtxptmbi
rtxptmbo
rtxptmr
rtxptmri
rtxptmro
sy
tib
tibi
tibo
tii
tio
tir
tmbi108r
tmbo108r
tmbu108r
tmrb108r
tmri108r
tmrm108r
tmro108r
tmui108r
zd

/app/.texlive/texmf/fonts/map/dvips/tetex/dvips35.map:
cob
cobo
com
coo
hv
hvb
hvbo
hvo
pagd8r
pagd8y
pagd8z
pagdo8r
pagdo8y
pagdo8z
pagk8r
pagk8y
pagk8z
pagko8r
pagko8y
pagko8z
pbkd8r
pbkd8y
pbkd8z
pbkdi8r
pbkdi8y
pbkdi8z
pbkdo8r
pbkdo8y
pbkl8r
pbkl8y
pbkl8z
pbkli8r
pbkli8y
pbkli8z
pbklo8r
pbklo8y
pcrb8r
pcrb8u
pcrb8y
pcrbo8r
pcrbo8u
pcrbo8y
pcrr8r
pcrr8rn
pcrr8u
pcrr8y
pcrro8r
pcrro8u
pcrro8y
phvb8r
phvb8rn
phvb8y
phvb8yn
phvb8z
phvbn8z
phvbo8r
phvbo8rn
phvbo8y
phvbo8yn
phvbo8z
phvbon8z
phvr8r
phvr8rn
phvr8y
phvr8yn
phvr8z
phvrn8z
phvro8r
phvro8rn
phvro8y
phvro8yn
phvro8z
phvron8z
pncb8r
pncb8y
pncb8z
pncbi8r
pncbi8y
pncbi8z
pncbo8r
pncbo8y
pncr8r
pncr8y
pncr8z
pncri8r
pncri8y
pncri8z
pncro8r
pncro8y
pplb8r
pplb8y
pplb8z
pplbi8r
pplbi8y
pplbi8z
pplbo8r
pplbo8y
pplbu8r
pplbu8y
pplr8r
pplr8rn
pplr8y
pplr8yn
pplr8z
pplri8r
pplri8y
pplri8z
pplro8r
pplro8y
pplrr8re
pplrr8ye
pplru8r
pplru8y
psyr
psyro
ptmb8r
ptmb8y
ptmb8z
ptmbi8r
ptmbi8y
ptmbi8z
ptmbo8r
ptmbo8y
ptmr8r
ptmr8rn
ptmr8y
ptmr8yn
ptmr8z
ptmri8r
ptmri8y
ptmri8z
ptmro8r
ptmro8y
ptmrr8re
ptmrr8ye
pzcmi8r
pzcmi8y
pzcmi8z
pzdr
rpagd
rpagdo
rpagk
rpagko
rpbkd
rpbkdi
rpbkl
rpbkli
rpcrb
rpcrbo
rpcrr
rpcrro
rphvb
rphvbo
rphvbon
rphvbrn
rphvr
rphvro
rphvron
rphvrrn
rpncb
rpncbi
rpncr
rpncri
rpplb
rpplbi
rpplbu
rpplr
rpplri
rpplro
rpplrre
rpplrrn
rpplru
rpsyr
rpsyro
rptmb
rptmbi
rptmbo
rptmr
rptmri
rptmro
rptmrre
rptmrrn
rpxpplb
rpxpplbi
rpxpplbo
rpxpplr
rpxpplri
rpxpplro
rpzcmi
rpzdr
rtxphvb
rtxphvbo
rtxphvr
rtxphvro
rtxptmb
rtxptmbi
rtxptmbo
rtxptmr
rtxptmri
rtxptmro
sy
tib
tibi
tibo
tii
tio
tir
tmbi108r
tmbo108r
tmbu108r
tmrb108r
tmri108r
tmrm108r
tmro108r
tmui108r
zd

/app/.texlive/texmf/fonts/map/dvips/tetex/pdftex35.map:
cob
cobo
com
coo
hv
hvb
hvbo
hvo
pagd8r
pagd8y
pagd8z
pagdo8r
pagdo8y
pagdo8z
pagk8r
pagk8y
pagk8z
pagko8r
pagko8y
pagko8z
pbkd8r
pbkd8y
pbkd8z
pbkdi8r
pbkdi8y
pbkdi8z
pbkdo8r
pbkdo8y
pbkl8r
pbkl8y
pbkl8z
pbkli8r
pbkli8y
pbkli8z
pbklo8r
pbklo8y
pcrb8r
pcrb8u
pcrb8y
pcrbo8r
pcrbo8u
pcrbo8y
pcrr8r
pcrr8rn
pcrr8u
pcrr8y
pcrro8r
pcrro8u
pcrro8y
phvb8r
phvb8rn
phvb8y
phvb8yn
phvb8z
phvbn8z
phvbo8r
phvbo8rn
phvbo8y
phvbo8yn
phvbo8z
phvbon8z
phvr8r
phvr8rn
phvr8y
phvr8yn
phvr8z
phvrn8z
phvro8r
phvro8rn
phvro8y
phvro8yn
phvro8z
phvron8z
pncb8r
pncb8y
pncb8z
pncbi8r
pncbi8y
pncbi8z
pncbo8r
pncbo8y
pncr8r
pncr8y
pncr8z
pncri8r
pncri8y
pncri8z
pncro8r
pncro8y
pplb8r
pplb8y
pplb8z
pplbi8r
pplbi8y
pplbi8z
pplbo8r
pplbo8y
pplbu8r
pplbu8y
pplr8r
pplr8rn
pplr8y
pplr8yn
pplr8z
pplri8r
pplri8y
pplri8z
pplro8r
pplro8y
pplrr8re
pplrr8ye
pplru8r
pplru8y
psyr
psyro
ptmb8r
ptmb8y
ptmb8z
ptmbi8r
ptmbi8y
ptmbi8z
ptmbo8r
ptmbo8y
ptmr8r
ptmr8rn
ptmr8y
ptmr8yn
ptmr8z
ptmri8r
ptmri8y
ptmri8z
ptmro8r
ptmro8y
ptmrr8re
ptmrr8ye
pzcmi8r
pzcmi8y
pzcmi8z
pzdr
rpagd
rpagdo
rpagk
rpagko
rpbkd
rpbkdi
rpbkl
rpbkli
rpcrb
rpcrbo
rpcrr
rpcrro
rphvb
rphvbo
rphvbon
rphvbrn
rphvr
rphvro
rphvron
rphvrrn
rpncb
rpncbi
rpncr
rpncri
rpplb
rpplbi
rpplbu
rpplr
rpplri
rpplro
rpplrre
rpplrrn
rpplru
rpsyr
rpsyro
rptmb
rptmbi
rptmbo
rptmr
rptmri
rptmro
rptmrre
rptmrrn
rpxpplb
rpxpplbi
rpxpplbo
rpxpplr
rpxpplri
rpxpplro
rpzcmi
rpzdr
rtxphvb
rtxphvbo
rtxphvr
rtxphvro
rtxptmb
rtxptmbi
rtxptmbo
rtxptmr
rtxptmri
rtxptmro
sy
tib
tibi
tibo
tii
tio
tir
tmbi108r
tmbo108r
tmbu108r
tmrb108r
tmri108r
tmrm108r
tmro108r
tmui108r
zd

/app/.texlive/texmf-dist/fonts/map/dvips/amsfonts/cm.map:
cmb10
cmbsy10
cmbx10
cmbx12
cmbx5
cmbx6
cmbx7
cmbx8
cmbx9
cmbxsl10
cmbxti10
cmcsc10
cmdunh10
cmex10
cmex9
cmff10
cmfi10
cmfib8
cminch
cmitt10
cmmi10
cmmi12
cmmi5
cmmi6
cmmi7
cmmi8
cmmi9
cmmib10
cmr10
cmr12
cmr17
cmr5
cmr6
cmr7
cmr8
cmr9
cmsl10
cmsl12
cmsl8
cmsl9
cmsltt10
cmss10
cmss12
cmss17
cmss8
cmss9
cmssbx10
cmssdc10
cmssi10
cmssi12
cmssi17
cmssi8
cmssi9
cmssq8
cmssqi8
cmsy10
cmsy5
cmsy6
cmsy7
cmsy8
cmsy9
cmtcsc10
cmtex10
cmtex8
cmtex9
cmti10
cmti12
cmti7
cmti8
cmti9
cmtt10
cmtt12
cmtt8
cmtt9
cmu10
cmvtt10

/app/.texlive/texmf-dist/fonts/map/dvips/amsfonts/cmextra.map:
cmbsy5
cmbsy6
cmbsy7
cmbsy8
cmbsy9
cmcsc8
cmcsc9
cmex7
cmex8
cmmib5
cmmib6
cmmib7
cmmib8
cmmib9

/app/.texlive/texmf-dist/fonts/map/dvips/cm/cmtext-bsr-interpolated.map:
cmbxti12
cmbxti7
cmitt12
cmitt9
cmsl6
cmsltt9
cmssbxo10

/app/.texlive/texmf-dist/fonts/map/dvips/amsfonts/cyrillic.map:
wncyb10
wncyb5
wncyb6
wncyb7
wncyb8
wncyb9
wncyi10
wncyi5
wncyi6
wncyi7
wncyi8
wncyi9
wncyr10
wncyr5
wncyr6
wncyr7
wncyr8
wncyr9
wncysc10
wncyss10
wncyss8
wncyss9

/app/.texlive/texmf-dist/fonts/map/dvips/amsfonts/latxfont.map:
lasy10
lasy5
lasy6
lasy7
lasy8
lasy9
lasyb10
lcircle10
lcirclew10
lcmss8
lcmssb8
lcmssi8
line10
linew10

/app/.texlive/texmf-dist/fonts/map/dvips/mflogo/mflogo.map:
logo10
logo8
logo9
logobf10
logod10
logosl10
logosl8
logosl9

/app/.texlive/texmf-dist/fonts/map/dvips/amsfonts/symbols.map:
msam10
msam5
msam6
msam7
msam8
msam9
msbm10
msbm5
msbm6
msbm7
msbm8
msbm9

/app/.texlive/texmf-dist/fonts/map/dvips/tipa/tipa.map:
tipa10
tipa12
tipa17
tipa8
tipa9
tipab10
tipabs10
tipabx10
tipabx12
tipabx8
tipabx9
tipasb10
tipasi10
tipasl10
tipasl12
tipasl8
tipasl9
tipass10
tipass12
tipass17
tipass8
tipass9
tipats10
tipatt10
tipatt12
tipatt8
tipatt9
tipx10
tipx12
tipx17
tipx8
tipx9
tipxb10
tipxbs10
tipxbx10
tipxbx12
tipxbx8
tipxbx9
tipxsb10
tipxsi10
tipxsl10
tipxsl12
tipxsl8
tipxsl9
tipxss10
tipxss12
tipxss17
tipxss8
tipxss9
tipxts10
tipxtt10
tipxtt12
tipxtt8
tipxtt9
xipa10
xipab10
xipabs10
xipasb10
xipasi10
xipasl10
xipass10
xipx10
xipxb10
xipxbs10
xipxsb10
xipxsi10
xipxsl10
xipxss10

/app/.texlive/texmf-dist/fonts/map/dvips/psnfss/charter.map:
bchb8r
bchbi8r
bchbo8r
bchr8r
bchri8r
bchro8r

/app/.texlive/texmf-dist/fonts/map/dvips/amsfonts/euler.map:
euex10
euex7
euex8
euex9
eufb10
eufb5
eufb6
eufb7
eufb8
eufb9
eufm10
eufm5
eufm6
eufm7
eufm8
eufm9
eurb10
eurb5
eurb6
eurb7
eurb8
eurb9
eurm10
eurm5
eurm6
eurm7
eurm8
eurm9
eusb10
eusb5
eusb6
eusb7
eusb8
eusb9
eusm10
eusm5
eusm6
eusm7
eusm8
eusm9

/app/.texlive/texmf-dist/fonts/map/dvips/psnfss/fpls.map:
pplbij8r
pplbj8r
pplrc8r
pplrij8r

/app/.texlive/texmf/fonts/map/dvips/tetex/mathpple.map:
eurbo10
eurmo10

/app/.texlive/texmf-dist/fonts/map/dvips/psnfss/pazo.map:
fplmb
fplmbb
fplmbi
fplmr
fplmri

/app/.texlive/texmf-dist/fonts/map/dvips/psnfss/utopia.map:
putb8r
putbi8r
putbo8r
putr8r
putri8r
putro8r

Files generated:
  /app/.texlive/texmf-var/fonts/map/dvips/updmap:
       13572 2012-12-23 01:44:07 builtin35.map
       18494 2012-12-23 01:44:07 download35.map
       21121 2012-12-23 01:44:07 psfonts_pk.map
       27575 2012-12-23 01:44:07 psfonts_t1.map
       27570 2012-12-23 01:44:07 ps2pk.map
          14 2012-12-23 01:44:07 psfonts.map -> psfonts_t1.map
  /app/.texlive/texmf-var/fonts/map/pdftex/updmap:
       27577 2012-12-23 01:44:07 pdftex_dl14.map
       25801 2012-12-23 01:44:07 pdftex_ndl14.map
          15 2012-12-23 01:44:07 pdftex.map -> pdftex_dl14.map
  /app/.texlive/texmf-var/fonts/map/dvipdfmx/updmap:
         299 2012-12-23 01:44:07 kanjix.map
